This file contains any messages produced by compilers while
running configure, to aid debugging if configure makes a mistake.

It was created by cvc4  1.4, which was
generated by GNU Autoconf 2.68.  Invocation command line was

  $ ../configure --with-antlr-dir=/home/rakeshmistry/Documents/approxMC/cvc4-mc/cvc4-1.4/antlr-3.4 ANTLR=/home/rakeshmistry/Documents/approxMC/cvc4-mc/cvc4-1.4/antlr-3.4/bin/antlr3

## --------- ##
## Platform. ##
## --------- ##

hostname = nilgiri.cfdvs.iitb.ac.in
uname -m = x86_64
uname -r = 2.6.32-431.11.2.el6.x86_64
uname -s = Linux
uname -v = #1 SMP Tue Mar 25 19:59:55 UTC 2014

/usr/bin/uname -p = unknown
/bin/uname -X     = unknown

/bin/arch              = x86_64
/usr/bin/arch -k       = unknown
/usr/convex/getsysinfo = unknown
/usr/bin/hostinfo      = unknown
/bin/machine           = unknown
/usr/bin/oslevel       = unknown
/bin/universe          = unknown

PATH: /home/rakeshmistry/bin/cvc4/cvc4-1.4/build/src/main
PATH: /home/rakeshmistry/bin/Python-3.4.3/bin
PATH: /home/rakeshmistry/bin/parallel-20150622/bin
PATH: /home/rakeshmistry/bin/netbeans-8/bin
PATH: /home/rakeshmistry/bin/boolector/boolector
PATH: /share/apps/Intel/bin
PATH: /opt/intel/composer_xe_2015.0.090/bin/intel64
PATH: /opt/intel/composer_xe_2015.0.090/mpirt/bin/intel64
PATH: /opt/intel/composer_xe_2015.0.090/debugger/gdb/intel64_mic/bin
PATH: /usr/lib64/qt-3.3/bin
PATH: /usr/local/bin
PATH: /bin
PATH: /usr/bin
PATH: /usr/local/sbin
PATH: /usr/sbin
PATH: /sbin
PATH: /opt/bio/ncbi/bin
PATH: /opt/bio/mpiblast/bin
PATH: /opt/bio/EMBOSS/bin
PATH: /opt/bio/clustalw/bin
PATH: /opt/bio/tcoffee/bin
PATH: /opt/bio/hmmer/bin
PATH: /opt/bio/phylip/exe
PATH: /opt/bio/mrbayes
PATH: /opt/bio/fasta
PATH: /opt/bio/glimmer/bin
PATH: /opt/bio/glimmer/scripts
PATH: /opt/bio/gromacs/bin
PATH: /opt/bio/gmap/bin
PATH: /opt/bio/tigr/bin
PATH: /opt/bio/autodocksuite/bin
PATH: /opt/bio/wgs/bin
PATH: /opt/eclipse
PATH: /opt/ganglia/bin
PATH: /opt/ganglia/sbin
PATH: /opt/ibutils/bin
PATH: /usr/java/latest/bin
PATH: /opt/maven/bin
PATH: /opt/pdsh/bin
PATH: /opt/rocks/bin
PATH: /opt/rocks/sbin
PATH: /home/rakeshmistry/bin


## ----------- ##
## Core tests. ##
## ----------- ##

:2974: checking whether make supports nested variables
:2991: result: yes
:3066: checking whether to enable maintainer-specific portions of Makefiles
:3075: result: yes
:3157: checking build system type
:3171: result: x86_64-unknown-linux-gnu
:3191: checking host system type
:3204: result: x86_64-unknown-linux-gnu
:3224: checking target system type
:3237: result: x86_64-unknown-linux-gnu
configure:3271: checking for requested build profile
configure:3383: result: production
configure:3402: checking for a BSD-compatible install
configure:3470: result: /usr/bin/install -c
configure:3481: checking whether build environment is sane
configure:3531: result: yes
configure:3672: checking for a thread-safe mkdir -p
configure:3711: result: /bin/mkdir -p
configure:3724: checking for gawk
configure:3740: found /bin/gawk
configure:3751: result: gawk
configure:3762: checking whether make sets $(MAKE)
configure:3784: result: yes
configure:3850: checking how to create a pax tar archive
configure:3863: tar --version
tar (GNU tar) 1.23
Copyright (C) 2010 Free Software Foundation, Inc.
License GPLv3+: GNU GPL version 3 or later <http://gnu.org/licenses/gpl.html>.
This is free software: you are free to change and redistribute it.
There is NO WARRANTY, to the extent permitted by law.

Written by John Gilmore and Jay Fenlason.
configure:3866: $? = 0
configure:3906: tardir=conftest.dir && eval tar --format=posix -chf - "$tardir" >conftest.tar
configure:3909: $? = 0
configure:3913: tar -xf - <conftest.tar
configure:3916: $? = 0
configure:3929: result: gnutar
configure:4008: checking how to print strings
configure:4035: result: printf
configure:4068: checking for style of include used by make
configure:4096: result: GNU
configure:4167: checking for gcc
configure:4183: found /usr/bin/gcc
configure:4194: result: gcc
configure:4423: checking for C compiler version
configure:4432: gcc --version >&5
gcc (GCC) 4.4.7 20120313 (Red Hat 4.4.7-4)
Copyright (C) 2010 Free Software Foundation, Inc.
This is free software; see the source for copying conditions.  There is NO
warranty; not even for MERCHANTABILITY or FITNESS FOR A PARTICULAR PURPOSE.

configure:4443: $? = 0
configure:4432: gcc -v >&5
Using built-in specs.
Target: x86_64-redhat-linux
Configured with: ../configure --prefix=/usr --mandir=/usr/share/man --infodir=/usr/share/info --with-bugurl=http://bugzilla.redhat.com/bugzilla --enable-bootstrap --enable-shared --enable-threads=posix --enable-checking=release --with-system-zlib --enable-__cxa_atexit --disable-libunwind-exceptions --enable-gnu-unique-object --enable-languages=c,c++,objc,obj-c++,java,fortran,ada --enable-java-awt=gtk --disable-dssi --with-java-home=/usr/lib/jvm/java-1.5.0-gcj-1.5.0.0/jre --enable-libgcj-multifile --enable-java-maintainer-mode --with-ecj-jar=/usr/share/java/eclipse-ecj.jar --disable-libjava-multilib --with-ppl --with-cloog --with-tune=generic --with-arch_32=i686 --build=x86_64-redhat-linux
Thread model: posix
gcc version 4.4.7 20120313 (Red Hat 4.4.7-4) (GCC) 
configure:4443: $? = 0
configure:4432: gcc -V >&5
gcc: '-V' option must have argument
configure:4443: $? = 1
configure:4432: gcc -qversion >&5
gcc: unrecognized option '-qversion'
gcc: no input files
configure:4443: $? = 1
configure:4463: checking whether the C compiler works
configure:4485: gcc    conftest.c  >&5
configure:4489: $? = 0
configure:4537: result: yes
configure:4540: checking for C compiler default output file name
configure:4542: result: a.out
configure:4548: checking for suffix of executables
configure:4555: gcc -o conftest    conftest.c  >&5
configure:4559: $? = 0
configure:4581: result: 
configure:4603: checking whether we are cross compiling
configure:4611: gcc -o conftest    conftest.c  >&5
configure:4615: $? = 0
configure:4622: ./conftest
configure:4626: $? = 0
configure:4641: result: no
configure:4646: checking for suffix of object files
configure:4668: gcc -c   conftest.c >&5
configure:4672: $? = 0
configure:4693: result: o
configure:4697: checking whether we are using the GNU C compiler
configure:4716: gcc -c   conftest.c >&5
configure:4716: $? = 0
configure:4725: result: yes
configure:4734: checking whether gcc accepts -g
configure:4754: gcc -c -g  conftest.c >&5
configure:4754: $? = 0
configure:4795: result: yes
configure:4812: checking for gcc option to accept ISO C89
configure:4876: gcc  -c   conftest.c >&5
configure:4876: $? = 0
configure:4889: result: none needed
configure:4911: checking dependency style of gcc
configure:5022: result: gcc3
configure:5037: checking for a sed that does not truncate output
configure:5101: result: /bin/sed
configure:5119: checking for grep that handles long lines and -e
configure:5177: result: /bin/grep
configure:5182: checking for egrep
configure:5244: result: /bin/grep -E
configure:5249: checking for fgrep
configure:5311: result: /bin/grep -F
configure:5346: checking for ld used by gcc
configure:5413: result: /usr/bin/ld
configure:5420: checking if the linker (/usr/bin/ld) is GNU ld
configure:5435: result: yes
configure:5447: checking for BSD- or MS-compatible name lister (nm)
configure:5496: result: /usr/bin/nm -B
configure:5626: checking the name lister (/usr/bin/nm -B) interface
configure:5633: gcc -c   conftest.c >&5
configure:5636: /usr/bin/nm -B "conftest.o"
configure:5639: output
0000000000000000 B some_variable
configure:5646: result: BSD nm
configure:5649: checking whether ln -s works
configure:5653: result: yes
configure:5661: checking the maximum length of command line arguments
configure:5791: result: 1966080
configure:5808: checking whether the shell understands some XSI constructs
configure:5818: result: yes
configure:5822: checking whether the shell understands "+="
configure:5828: result: yes
configure:5863: checking how to convert x86_64-unknown-linux-gnu file names to x86_64-unknown-linux-gnu format
configure:5903: result: func_convert_file_noop
configure:5910: checking how to convert x86_64-unknown-linux-gnu file names to toolchain format
configure:5930: result: func_convert_file_noop
configure:5937: checking for /usr/bin/ld option to reload object files
configure:5944: result: -r
configure:6018: checking for objdump
configure:6034: found /usr/bin/objdump
configure:6045: result: objdump
configure:6077: checking how to recognize dependent libraries
configure:6279: result: pass_all
configure:6364: checking for dlltool
configure:6394: result: no
configure:6424: checking how to associate runtime and link libraries
configure:6451: result: printf %s\n
configure:6512: checking for ar
configure:6528: found /usr/bin/ar
configure:6539: result: ar
configure:6576: checking for archiver @FILE support
configure:6593: gcc -c   conftest.c >&5
configure:6593: $? = 0
configure:6596: ar cru libconftest.a @conftest.lst >&5
configure:6599: $? = 0
configure:6604: ar cru libconftest.a @conftest.lst >&5
ar: conftest.o: No such file or directory
configure:6607: $? = 1
configure:6619: result: @
configure:6677: checking for strip
configure:6693: found /usr/bin/strip
configure:6704: result: strip
configure:6776: checking for ranlib
configure:6792: found /usr/bin/ranlib
configure:6803: result: ranlib
configure:6905: checking command to parse /usr/bin/nm -B output from gcc object
configure:7025: gcc -c   conftest.c >&5
configure:7028: $? = 0
configure:7032: /usr/bin/nm -B conftest.o \| sed -n -e 's/^.*[ ]\([ABCDGIRSTW][ABCDGIRSTW]*\)[ ][ ]*\([_A-Za-z][_A-Za-z0-9]*\)$/\1 \2 \2/p' | sed '/ __gnu_lto/d' \> conftest.nm
configure:7035: $? = 0
configure:7101: gcc -o conftest    conftest.c conftstm.o >&5
configure:7104: $? = 0
configure:7142: result: ok
configure:7179: checking for sysroot
configure:7209: result: no
configure:7286: gcc -c   conftest.c >&5
configure:7289: $? = 0
configure:7465: checking for mt
configure:7495: result: no
configure:7515: checking if : is a manifest tool
configure:7521: : '-?'
configure:7529: result: no
configure:8171: checking how to run the C preprocessor
configure:8202: gcc -E  conftest.c
configure:8202: $? = 0
configure:8216: gcc -E  conftest.c
conftest.c:9:28: error: ac_nonexistent.h: No such file or directory
configure:8216: $? = 1
configure: failed program was:
| /* confdefs.h */
| #define PACKAGE_NAME "cvc4"
| #define PACKAGE_TARNAME "cvc4"
| #define PACKAGE_VERSION "1.4"
| #define PACKAGE_STRING "cvc4 1.4"
| #define PACKAGE_BUGREPORT "cvc-bugs@cs.nyu.edu"
| #define PACKAGE_URL ""
| /* end confdefs.h.  */
| #include <ac_nonexistent.h>
configure:8241: result: gcc -E
configure:8261: gcc -E  conftest.c
configure:8261: $? = 0
configure:8275: gcc -E  conftest.c
conftest.c:9:28: error: ac_nonexistent.h: No such file or directory
configure:8275: $? = 1
configure: failed program was:
| /* confdefs.h */
| #define PACKAGE_NAME "cvc4"
| #define PACKAGE_TARNAME "cvc4"
| #define PACKAGE_VERSION "1.4"
| #define PACKAGE_STRING "cvc4 1.4"
| #define PACKAGE_BUGREPORT "cvc-bugs@cs.nyu.edu"
| #define PACKAGE_URL ""
| /* end confdefs.h.  */
| #include <ac_nonexistent.h>
configure:8304: checking for ANSI C header files
configure:8324: gcc -c   conftest.c >&5
configure:8324: $? = 0
configure:8397: gcc -o conftest    conftest.c  >&5
configure:8397: $? = 0
configure:8397: ./conftest
configure:8397: $? = 0
configure:8408: result: yes
configure:8421: checking for sys/types.h
configure:8421: gcc -c   conftest.c >&5
configure:8421: $? = 0
configure:8421: result: yes
configure:8421: checking for sys/stat.h
configure:8421: gcc -c   conftest.c >&5
configure:8421: $? = 0
configure:8421: result: yes
configure:8421: checking for stdlib.h
configure:8421: gcc -c   conftest.c >&5
configure:8421: $? = 0
configure:8421: result: yes
configure:8421: checking for string.h
configure:8421: gcc -c   conftest.c >&5
configure:8421: $? = 0
configure:8421: result: yes
configure:8421: checking for memory.h
configure:8421: gcc -c   conftest.c >&5
configure:8421: $? = 0
configure:8421: result: yes
configure:8421: checking for strings.h
configure:8421: gcc -c   conftest.c >&5
configure:8421: $? = 0
configure:8421: result: yes
configure:8421: checking for inttypes.h
configure:8421: gcc -c   conftest.c >&5
configure:8421: $? = 0
configure:8421: result: yes
configure:8421: checking for stdint.h
configure:8421: gcc -c   conftest.c >&5
configure:8421: $? = 0
configure:8421: result: yes
configure:8421: checking for unistd.h
configure:8421: gcc -c   conftest.c >&5
configure:8421: $? = 0
configure:8421: result: yes
configure:8435: checking for dlfcn.h
configure:8435: gcc -c   conftest.c >&5
configure:8435: $? = 0
configure:8435: result: yes
configure:8581: checking for objdir
configure:8596: result: .libs
configure:8867: checking if gcc supports -fno-rtti -fno-exceptions
configure:8885: gcc -c   -fno-rtti -fno-exceptions conftest.c >&5
cc1: warning: command line option "-fno-rtti" is valid for C++/ObjC++ but not for C
configure:8889: $? = 0
configure:8902: result: no
configure:9229: checking for gcc option to produce PIC
configure:9236: result: -fPIC -DPIC
configure:9244: checking if gcc PIC flag -fPIC -DPIC works
configure:9262: gcc -c   -fPIC -DPIC -DPIC conftest.c >&5
configure:9266: $? = 0
configure:9279: result: yes
configure:9308: checking if gcc static flag -static works
configure:9336: result: yes
configure:9351: checking if gcc supports -c -o file.o
configure:9372: gcc -c   -o out/conftest2.o conftest.c >&5
configure:9376: $? = 0
configure:9398: result: yes
configure:9406: checking if gcc supports -c -o file.o
configure:9453: result: yes
configure:9486: checking whether the gcc linker (/usr/bin/ld -m elf_x86_64) supports shared libraries
configure:10643: result: yes
configure:10680: checking whether -lc should be explicitly linked in
configure:10688: gcc -c   conftest.c >&5
configure:10691: $? = 0
configure:10706: gcc -shared  -fPIC -DPIC conftest.o  -v -Wl,-soname -Wl,conftest -o conftest 2\>\&1 \| /bin/grep  -lc  \>/dev/null 2\>\&1
configure:10709: $? = 0
configure:10723: result: no
configure:10883: checking dynamic linker characteristics
configure:11394: gcc -o conftest    -Wl,-rpath -Wl,/foo conftest.c  >&5
configure:11394: $? = 0
configure:11628: result: GNU/Linux ld.so
configure:11735: checking how to hardcode library paths into programs
configure:11760: result: immediate
configure:12300: checking whether stripping libraries is possible
configure:12305: result: yes
configure:12340: checking if libtool supports shared libraries
configure:12342: result: yes
configure:12345: checking whether to build shared libraries
configure:12366: result: yes
configure:12369: checking whether to build static libraries
configure:12373: result: no
configure:12460: checking for gcc
configure:12487: result: gcc
configure:12716: checking for C compiler version
configure:12725: gcc --version >&5
gcc (GCC) 4.4.7 20120313 (Red Hat 4.4.7-4)
Copyright (C) 2010 Free Software Foundation, Inc.
This is free software; see the source for copying conditions.  There is NO
warranty; not even for MERCHANTABILITY or FITNESS FOR A PARTICULAR PURPOSE.

configure:12736: $? = 0
configure:12725: gcc -v >&5
Using built-in specs.
Target: x86_64-redhat-linux
Configured with: ../configure --prefix=/usr --mandir=/usr/share/man --infodir=/usr/share/info --with-bugurl=http://bugzilla.redhat.com/bugzilla --enable-bootstrap --enable-shared --enable-threads=posix --enable-checking=release --with-system-zlib --enable-__cxa_atexit --disable-libunwind-exceptions --enable-gnu-unique-object --enable-languages=c,c++,objc,obj-c++,java,fortran,ada --enable-java-awt=gtk --disable-dssi --with-java-home=/usr/lib/jvm/java-1.5.0-gcj-1.5.0.0/jre --enable-libgcj-multifile --enable-java-maintainer-mode --with-ecj-jar=/usr/share/java/eclipse-ecj.jar --disable-libjava-multilib --with-ppl --with-cloog --with-tune=generic --with-arch_32=i686 --build=x86_64-redhat-linux
Thread model: posix
gcc version 4.4.7 20120313 (Red Hat 4.4.7-4) (GCC) 
configure:12736: $? = 0
configure:12725: gcc -V >&5
gcc: '-V' option must have argument
configure:12736: $? = 1
configure:12725: gcc -qversion >&5
gcc: unrecognized option '-qversion'
gcc: no input files
configure:12736: $? = 1
configure:12740: checking whether we are using the GNU C compiler
configure:12768: result: yes
configure:12777: checking whether gcc accepts -g
configure:12838: result: yes
configure:12855: checking for gcc option to accept ISO C89
configure:12932: result: none needed
configure:12954: checking dependency style of gcc
configure:13065: result: gcc3
configure:13138: checking for g++
configure:13154: found /usr/bin/g++
configure:13165: result: g++
configure:13192: checking for C++ compiler version
configure:13201: g++ --version >&5
g++ (GCC) 4.4.7 20120313 (Red Hat 4.4.7-4)
Copyright (C) 2010 Free Software Foundation, Inc.
This is free software; see the source for copying conditions.  There is NO
warranty; not even for MERCHANTABILITY or FITNESS FOR A PARTICULAR PURPOSE.

configure:13212: $? = 0
configure:13201: g++ -v >&5
Using built-in specs.
Target: x86_64-redhat-linux
Configured with: ../configure --prefix=/usr --mandir=/usr/share/man --infodir=/usr/share/info --with-bugurl=http://bugzilla.redhat.com/bugzilla --enable-bootstrap --enable-shared --enable-threads=posix --enable-checking=release --with-system-zlib --enable-__cxa_atexit --disable-libunwind-exceptions --enable-gnu-unique-object --enable-languages=c,c++,objc,obj-c++,java,fortran,ada --enable-java-awt=gtk --disable-dssi --with-java-home=/usr/lib/jvm/java-1.5.0-gcj-1.5.0.0/jre --enable-libgcj-multifile --enable-java-maintainer-mode --with-ecj-jar=/usr/share/java/eclipse-ecj.jar --disable-libjava-multilib --with-ppl --with-cloog --with-tune=generic --with-arch_32=i686 --build=x86_64-redhat-linux
Thread model: posix
gcc version 4.4.7 20120313 (Red Hat 4.4.7-4) (GCC) 
configure:13212: $? = 0
configure:13201: g++ -V >&5
g++: '-V' option must have argument
configure:13212: $? = 1
configure:13201: g++ -qversion >&5
g++: unrecognized option '-qversion'
g++: no input files
configure:13212: $? = 1
configure:13216: checking whether we are using the GNU C++ compiler
configure:13235: g++ -c   conftest.cpp >&5
configure:13235: $? = 0
configure:13244: result: yes
configure:13253: checking whether g++ accepts -g
configure:13273: g++ -c -g  conftest.cpp >&5
configure:13273: $? = 0
configure:13314: result: yes
configure:13339: checking dependency style of g++
configure:13450: result: gcc3
configure:13483: checking how to run the C++ preprocessor
configure:13510: g++ -E  conftest.cpp
configure:13510: $? = 0
configure:13524: g++ -E  conftest.cpp
conftest.cpp:21:28: error: ac_nonexistent.h: No such file or directory
configure:13524: $? = 1
configure: failed program was:
| /* confdefs.h */
| #define PACKAGE_NAME "cvc4"
| #define PACKAGE_TARNAME "cvc4"
| #define PACKAGE_VERSION "1.4"
| #define PACKAGE_STRING "cvc4 1.4"
| #define PACKAGE_BUGREPORT "cvc-bugs@cs.nyu.edu"
| #define PACKAGE_URL ""
| #define STDC_HEADERS 1
| #define HAVE_SYS_TYPES_H 1
| #define HAVE_SYS_STAT_H 1
| #define HAVE_STDLIB_H 1
| #define HAVE_STRING_H 1
| #define HAVE_MEMORY_H 1
| #define HAVE_STRINGS_H 1
| #define HAVE_INTTYPES_H 1
| #define HAVE_STDINT_H 1
| #define HAVE_UNISTD_H 1
| #define HAVE_DLFCN_H 1
| #define LT_OBJDIR ".libs/"
| /* end confdefs.h.  */
| #include <ac_nonexistent.h>
configure:13549: result: g++ -E
configure:13569: g++ -E  conftest.cpp
configure:13569: $? = 0
configure:13583: g++ -E  conftest.cpp
conftest.cpp:21:28: error: ac_nonexistent.h: No such file or directory
configure:13583: $? = 1
configure: failed program was:
| /* confdefs.h */
| #define PACKAGE_NAME "cvc4"
| #define PACKAGE_TARNAME "cvc4"
| #define PACKAGE_VERSION "1.4"
| #define PACKAGE_STRING "cvc4 1.4"
| #define PACKAGE_BUGREPORT "cvc-bugs@cs.nyu.edu"
| #define PACKAGE_URL ""
| #define STDC_HEADERS 1
| #define HAVE_SYS_TYPES_H 1
| #define HAVE_SYS_STAT_H 1
| #define HAVE_STDLIB_H 1
| #define HAVE_STRING_H 1
| #define HAVE_MEMORY_H 1
| #define HAVE_STRINGS_H 1
| #define HAVE_INTTYPES_H 1
| #define HAVE_STDINT_H 1
| #define HAVE_UNISTD_H 1
| #define HAVE_DLFCN_H 1
| #define LT_OBJDIR ".libs/"
| /* end confdefs.h.  */
| #include <ac_nonexistent.h>
configure:13752: checking for ld used by g++
configure:13819: result: /usr/bin/ld -m elf_x86_64
configure:13826: checking if the linker (/usr/bin/ld -m elf_x86_64) is GNU ld
configure:13841: result: yes
configure:13896: checking whether the g++ linker (/usr/bin/ld -m elf_x86_64) supports shared libraries
configure:14901: result: yes
configure:14937: g++ -c   conftest.cpp >&5
configure:14940: $? = 0
configure:15460: checking for g++ option to produce PIC
configure:15467: result: -fPIC -DPIC
configure:15475: checking if g++ PIC flag -fPIC -DPIC works
configure:15493: g++ -c   -fPIC -DPIC -DPIC conftest.cpp >&5
configure:15497: $? = 0
configure:15510: result: yes
configure:15533: checking if g++ static flag -static works
configure:15561: result: yes
configure:15573: checking if g++ supports -c -o file.o
configure:15594: g++ -c   -o out/conftest2.o conftest.cpp >&5
configure:15598: $? = 0
configure:15620: result: yes
configure:15625: checking if g++ supports -c -o file.o
configure:15672: result: yes
configure:15702: checking whether the g++ linker (/usr/bin/ld -m elf_x86_64) supports shared libraries
configure:15741: result: yes
configure:15882: checking dynamic linker characteristics
configure:16561: result: GNU/Linux ld.so
configure:16614: checking how to hardcode library paths into programs
configure:16639: result: immediate
configure:16729: checking for __gmpz_init in -lgmp
configure:16754: gcc -o conftest    conftest.c -lgmp   >&5
configure:16754: $? = 0
configure:16763: result: yes
configure:17055: checking gmpxx.h usability
configure:17055: g++ -c   conftest.cpp >&5
configure:17055: $? = 0
configure:17055: result: yes
configure:17055: checking gmpxx.h presence
configure:17055: g++ -E  conftest.cpp
configure:17055: $? = 0
configure:17055: result: yes
configure:17055: checking for gmpxx.h
configure:17055: result: yes
configure:17109: checking for appropriate build string
configure:17115: result: production
configure:17125: checking what dir to configure
configure:17172: result: this one (user-specified)
configure:17294: checking whether to build a static binary
configure:17304: result: no
configure:17324: checking whether to support proofs in libcvc4
configure:17335: result: no
configure:17350: checking whether to optimize libcvc4
configure:17363: result: yes
configure:17374: checking whether to include debugging symbols in libcvc4
configure:17387: result: yes
configure:17395: checking whether to include statistics are turned on in libcvc4
configure:17408: result: yes
configure:17415: checking whether the replay feature should be turned on in libcvc4
configure:17428: result: no
configure:17435: checking whether to include assertions in build
configure:17448: result: no
configure:17458: checking whether to do a traceable build of CVC4
configure:17470: result: no
configure:17477: checking whether to do a dump-capable build of CVC4
configure:17489: result: yes
configure:17496: checking whether to do a muzzled build of CVC4
configure:17508: result: no
configure:17515: checking whether to do a gcov-enabled build of CVC4
configure:17527: result: no
configure:17576: checking whether to do a profiling-enabled build of CVC4
configure:17589: result: no
configure:17609: checking whether user requested glpk support
configure:19312: result: no, user didn't request glpk
configure:19341: checking whether user requested abc support
configure:20260: result: no, user didn't request abc
configure:20282: checking whether __gnu_cxx::hash<uint64_t> is already specialized
configure:20297: g++ -c   conftest.cpp >&5
In file included from /usr/lib/gcc/x86_64-redhat-linux/4.4.7/../../../../include/c++/4.4.7/ext/hash_map:60,
                 from conftest.cpp:25:
/usr/lib/gcc/x86_64-redhat-linux/4.4.7/../../../../include/c++/4.4.7/backward/backward_warning.h:28:2: warning: #warning This file includes at least one deprecated or antiquated header which may be removed without further notice at a future date. Please use a non-deprecated interface with equivalent functionality instead. For a listing of replacement headers and interfaces, consult the file backward_warning.h. To disable this warning use -Wno-deprecated.
conftest.cpp:26: error: redefinition of 'struct __gnu_cxx::hash<long unsigned int>'
/usr/lib/gcc/x86_64-redhat-linux/4.4.7/../../../../include/c++/4.4.7/backward/hash_fun.h:160: error: previous definition of 'struct __gnu_cxx::hash<long unsigned int>'
configure:20297: $? = 1
configure: failed program was:
| /* confdefs.h */
| #define PACKAGE_NAME "cvc4"
| #define PACKAGE_TARNAME "cvc4"
| #define PACKAGE_VERSION "1.4"
| #define PACKAGE_STRING "cvc4 1.4"
| #define PACKAGE_BUGREPORT "cvc-bugs@cs.nyu.edu"
| #define PACKAGE_URL ""
| #define STDC_HEADERS 1
| #define HAVE_SYS_TYPES_H 1
| #define HAVE_SYS_STAT_H 1
| #define HAVE_STDLIB_H 1
| #define HAVE_STRING_H 1
| #define HAVE_MEMORY_H 1
| #define HAVE_STRINGS_H 1
| #define HAVE_INTTYPES_H 1
| #define HAVE_STDINT_H 1
| #define HAVE_UNISTD_H 1
| #define HAVE_DLFCN_H 1
| #define LT_OBJDIR ".libs/"
| #define HAVE_LIBGMP 1
| #define CVC4_GMP_IMP /**/
| /* end confdefs.h.  */
| 
| #include <stdint.h>
| #include <ext/hash_map>
| namespace __gnu_cxx { template<> struct hash<uint64_t> {}; }
configure:20301: result: yes
configure:20320: checking for the relationship between long and int64_t
configure:20335: g++ -c   conftest.cpp >&5
conftest.cpp: In function 'void foo(int64_t)':
conftest.cpp:26: error: redefinition of 'void foo(int64_t)'
conftest.cpp:25: error: 'void foo(long int)' previously defined here
configure:20335: $? = 1
configure: failed program was:
| /* confdefs.h */
| #define PACKAGE_NAME "cvc4"
| #define PACKAGE_TARNAME "cvc4"
| #define PACKAGE_VERSION "1.4"
| #define PACKAGE_STRING "cvc4 1.4"
| #define PACKAGE_BUGREPORT "cvc-bugs@cs.nyu.edu"
| #define PACKAGE_URL ""
| #define STDC_HEADERS 1
| #define HAVE_SYS_TYPES_H 1
| #define HAVE_SYS_STAT_H 1
| #define HAVE_STDLIB_H 1
| #define HAVE_STRING_H 1
| #define HAVE_MEMORY_H 1
| #define HAVE_STRINGS_H 1
| #define HAVE_INTTYPES_H 1
| #define HAVE_STDINT_H 1
| #define HAVE_UNISTD_H 1
| #define HAVE_DLFCN_H 1
| #define LT_OBJDIR ".libs/"
| #define HAVE_LIBGMP 1
| #define CVC4_GMP_IMP /**/
| /* end confdefs.h.  */
| 
| #include <stdint.h>
| void foo(long) {}
| void foo(int64_t) {}
configure:20339: result: typedef or similar
configure:20398: checking antlr3 script (/home/rakeshmistry/Documents/approxMC/cvc4-mc/cvc4-1.4/antlr-3.4/bin/antlr3)
configure:20409: result: OK
configure:20426: WARNING: unknown version of antlr: 3.1
configure:20433: checking whether g++ supports -Werror
configure:20447: g++ -c   -Werror  conftest.cpp >&5
configure:20447: $? = 0
configure:20448: result: yes
configure:20464: checking whether gcc supports -Werror
configure:20478: gcc -c   -Werror  conftest.c >&5
configure:20478: $? = 0
configure:20479: result: yes
configure:20495: checking whether g++ supports -Wno-deprecated
configure:20509: g++ -c  -Werror -Wno-deprecated  conftest.cpp >&5
configure:20509: $? = 0
configure:20510: result: yes
configure:20526: checking whether gcc supports -Wno-deprecated
configure:20540: gcc -c  -Werror -Wno-deprecated  conftest.c >&5
configure:20540: $? = 0
configure:20541: result: yes
configure:20557: checking whether g++ supports -Wno-conversion-null
configure:20571: g++ -c  -Werror -Wno-conversion-null  conftest.cpp >&5
configure:20571: $? = 0
configure:20572: result: yes
configure:20588: checking whether g++ supports -Wno-tautological-compare
configure:20602: g++ -c  -Werror -Wno-tautological-compare  conftest.cpp >&5
configure:20602: $? = 0
configure:20603: result: yes
configure:20619: checking whether g++ supports -Wno-parentheses
configure:20633: g++ -c  -Werror -Wno-parentheses  conftest.cpp >&5
configure:20633: $? = 0
configure:20634: result: yes
configure:20650: checking whether g++ supports -Wno-uninitialized
configure:20664: g++ -c  -Werror -Wno-uninitialized  conftest.cpp >&5
configure:20664: $? = 0
configure:20665: result: yes
configure:20681: checking whether g++ supports -Wno-unused-variable
configure:20695: g++ -c  -Werror -Wno-unused-variable  conftest.cpp >&5
configure:20695: $? = 0
configure:20696: result: yes
configure:20712: checking whether g++ supports -fno-strict-aliasing
configure:20726: g++ -c  -Werror -fno-strict-aliasing  conftest.cpp >&5
configure:20726: $? = 0
configure:20727: result: yes
configure:20897: checking for doxygen
configure:20930: result: no
configure:20950: WARNING: doxygen not found - will not generate any doxygen documentation
configure:21003: checking for perl
configure:21021: found /usr/bin/perl
configure:21033: result: /usr/bin/perl
configure:22764: checking for cxxtestgen.pl
configure:22798: result: no
configure:22806: checking for cxxtestgen.py
configure:22840: result: no
configure:22849: checking for cxxtestgen
configure:22883: result: no
configure:22895: unit tests disabled, could not find cxxtestgen.pl or cxxtestgen.py or cxxtestgen
configure:23038: checking for python
configure:23054: found /usr/bin/python
configure:23065: result: python
configure:23126: checking for library containing clock_gettime
configure:23157: gcc -o conftest    conftest.c -lgmp  >&5
/tmp/cc4EaEme.o: In function `main':
conftest.c:(.text+0xa): undefined reference to `clock_gettime'
collect2: ld returned 1 exit status
configure:23157: $? = 1
configure: failed program was:
| /* confdefs.h */
| #define PACKAGE_NAME "cvc4"
| #define PACKAGE_TARNAME "cvc4"
| #define PACKAGE_VERSION "1.4"
| #define PACKAGE_STRING "cvc4 1.4"
| #define PACKAGE_BUGREPORT "cvc-bugs@cs.nyu.edu"
| #define PACKAGE_URL ""
| #define STDC_HEADERS 1
| #define HAVE_SYS_TYPES_H 1
| #define HAVE_SYS_STAT_H 1
| #define HAVE_STDLIB_H 1
| #define HAVE_STRING_H 1
| #define HAVE_MEMORY_H 1
| #define HAVE_STRINGS_H 1
| #define HAVE_INTTYPES_H 1
| #define HAVE_STDINT_H 1
| #define HAVE_UNISTD_H 1
| #define HAVE_DLFCN_H 1
| #define LT_OBJDIR ".libs/"
| #define HAVE_LIBGMP 1
| #define CVC4_GMP_IMP /**/
| /* end confdefs.h.  */
| 
| /* Override any GCC internal prototype to avoid an error.
|    Use char because int might match the return type of a GCC
|    builtin and then its argument prototype would still apply.  */
| #ifdef __cplusplus
| extern "C"
| #endif
| char clock_gettime ();
| int
| main ()
| {
| return clock_gettime ();
|   ;
|   return 0;
| }
configure:23157: gcc -o conftest    conftest.c -lrt  -lgmp  >&5
configure:23157: $? = 0
configure:23174: result: -lrt
configure:23191: checking for strtok_r
configure:23191: gcc -o conftest    conftest.c -lrt -lgmp  >&5
configure:23191: $? = 0
configure:23191: result: yes
configure:23205: checking for ffs
configure:23205: gcc -o conftest    conftest.c -lrt -lgmp  >&5
conftest.c:48: warning: conflicting types for built-in function 'ffs'
configure:23205: $? = 0
configure:23205: result: yes
configure:23235: checking for ANTLR3 C runtime library
configure:23264: gcc -o conftest   -I/home/rakeshmistry/Documents/approxMC/cvc4-mc/cvc4-1.4/antlr-3.4/include  conftest.c -lrt -lgmp  -L/home/rakeshmistry/Documents/approxMC/cvc4-mc/cvc4-1.4/antlr-3.4/lib -lantlr3c >&5
In file included from /home/rakeshmistry/Documents/approxMC/cvc4-mc/cvc4-1.4/antlr-3.4/include/antlr3defs.h:246,
                 from /home/rakeshmistry/Documents/approxMC/cvc4-mc/cvc4-1.4/antlr-3.4/include/antlr3.h:33,
                 from conftest.c:27:
/home/rakeshmistry/Documents/approxMC/cvc4-mc/cvc4-1.4/antlr-3.4/include/antlr3config.h:99:1: warning: "PACKAGE_BUGREPORT" redefined
conftest.c:6:1: warning: this is the location of the previous definition
/home/rakeshmistry/Documents/approxMC/cvc4-mc/cvc4-1.4/antlr-3.4/include/antlr3config.h:102:1: warning: "PACKAGE_NAME" redefined
conftest.c:2:1: warning: this is the location of the previous definition
/home/rakeshmistry/Documents/approxMC/cvc4-mc/cvc4-1.4/antlr-3.4/include/antlr3config.h:105:1: warning: "PACKAGE_STRING" redefined
conftest.c:5:1: warning: this is the location of the previous definition
/home/rakeshmistry/Documents/approxMC/cvc4-mc/cvc4-1.4/antlr-3.4/include/antlr3config.h:108:1: warning: "PACKAGE_TARNAME" redefined
conftest.c:3:1: warning: this is the location of the previous definition
/home/rakeshmistry/Documents/approxMC/cvc4-mc/cvc4-1.4/antlr-3.4/include/antlr3config.h:114:1: warning: "PACKAGE_VERSION" redefined
conftest.c:4:1: warning: this is the location of the previous definition
configure:23264: $? = 0
configure:23266: result: found in /home/rakeshmistry/Documents/approxMC/cvc4-mc/cvc4-1.4/antlr-3.4
configure:23284: checking for presence of older antlr3AsciiFileStreamNew()
configure:23298: gcc -o conftest   -I/home/rakeshmistry/Documents/approxMC/cvc4-mc/cvc4-1.4/antlr-3.4/include  conftest.c -lrt -lgmp  -L/home/rakeshmistry/Documents/approxMC/cvc4-mc/cvc4-1.4/antlr-3.4/lib -lantlr3c >&5
In file included from /home/rakeshmistry/Documents/approxMC/cvc4-mc/cvc4-1.4/antlr-3.4/include/antlr3defs.h:246,
                 from /home/rakeshmistry/Documents/approxMC/cvc4-mc/cvc4-1.4/antlr-3.4/include/antlr3.h:33,
                 from conftest.c:27:
/home/rakeshmistry/Documents/approxMC/cvc4-mc/cvc4-1.4/antlr-3.4/include/antlr3config.h:99:1: warning: "PACKAGE_BUGREPORT" redefined
conftest.c:6:1: warning: this is the location of the previous definition
/home/rakeshmistry/Documents/approxMC/cvc4-mc/cvc4-1.4/antlr-3.4/include/antlr3config.h:102:1: warning: "PACKAGE_NAME" redefined
conftest.c:2:1: warning: this is the location of the previous definition
/home/rakeshmistry/Documents/approxMC/cvc4-mc/cvc4-1.4/antlr-3.4/include/antlr3config.h:105:1: warning: "PACKAGE_STRING" redefined
conftest.c:5:1: warning: this is the location of the previous definition
/home/rakeshmistry/Documents/approxMC/cvc4-mc/cvc4-1.4/antlr-3.4/include/antlr3config.h:108:1: warning: "PACKAGE_TARNAME" redefined
conftest.c:3:1: warning: this is the location of the previous definition
/home/rakeshmistry/Documents/approxMC/cvc4-mc/cvc4-1.4/antlr-3.4/include/antlr3config.h:114:1: warning: "PACKAGE_VERSION" redefined
conftest.c:4:1: warning: this is the location of the previous definition
conftest.c: In function 'main':
conftest.c:31: warning: initialization makes pointer from integer without a cast
/tmp/ccxVeOwd.o: In function `main':
conftest.c:(.text+0x1d): undefined reference to `antlr3AsciiFileStreamNew'
collect2: ld returned 1 exit status
configure:23298: $? = 1
configure: failed program was:
| /* confdefs.h */
| #define PACKAGE_NAME "cvc4"
| #define PACKAGE_TARNAME "cvc4"
| #define PACKAGE_VERSION "1.4"
| #define PACKAGE_STRING "cvc4 1.4"
| #define PACKAGE_BUGREPORT "cvc-bugs@cs.nyu.edu"
| #define PACKAGE_URL ""
| #define STDC_HEADERS 1
| #define HAVE_SYS_TYPES_H 1
| #define HAVE_SYS_STAT_H 1
| #define HAVE_STDLIB_H 1
| #define HAVE_STRING_H 1
| #define HAVE_MEMORY_H 1
| #define HAVE_STRINGS_H 1
| #define HAVE_INTTYPES_H 1
| #define HAVE_STDINT_H 1
| #define HAVE_UNISTD_H 1
| #define HAVE_DLFCN_H 1
| #define LT_OBJDIR ".libs/"
| #define HAVE_LIBGMP 1
| #define CVC4_GMP_IMP /**/
| #define HAVE_CLOCK_GETTIME 1
| #define HAVE_STRTOK_R 1
| #define HAVE_FFS 1
| /* end confdefs.h.  */
| 
|       #include <antlr3.h>
| 
|       int main() {
|         pANTLR3_UINT8 fName = (pANTLR3_UINT8)"foo";
|         pANTLR3_INPUT_STREAM input = antlr3AsciiFileStreamNew(fName);
|         return 0;
|       }
| 
configure:23310: result: failed
configure:23312: checking for presence of newer antlr3FileStreamNew()
configure:23326: gcc -o conftest   -I/home/rakeshmistry/Documents/approxMC/cvc4-mc/cvc4-1.4/antlr-3.4/include  conftest.c -lrt -lgmp  -L/home/rakeshmistry/Documents/approxMC/cvc4-mc/cvc4-1.4/antlr-3.4/lib -lantlr3c >&5
In file included from /home/rakeshmistry/Documents/approxMC/cvc4-mc/cvc4-1.4/antlr-3.4/include/antlr3defs.h:246,
                 from /home/rakeshmistry/Documents/approxMC/cvc4-mc/cvc4-1.4/antlr-3.4/include/antlr3.h:33,
                 from conftest.c:27:
/home/rakeshmistry/Documents/approxMC/cvc4-mc/cvc4-1.4/antlr-3.4/include/antlr3config.h:99:1: warning: "PACKAGE_BUGREPORT" redefined
conftest.c:6:1: warning: this is the location of the previous definition
/home/rakeshmistry/Documents/approxMC/cvc4-mc/cvc4-1.4/antlr-3.4/include/antlr3config.h:102:1: warning: "PACKAGE_NAME" redefined
conftest.c:2:1: warning: this is the location of the previous definition
/home/rakeshmistry/Documents/approxMC/cvc4-mc/cvc4-1.4/antlr-3.4/include/antlr3config.h:105:1: warning: "PACKAGE_STRING" redefined
conftest.c:5:1: warning: this is the location of the previous definition
/home/rakeshmistry/Documents/approxMC/cvc4-mc/cvc4-1.4/antlr-3.4/include/antlr3config.h:108:1: warning: "PACKAGE_TARNAME" redefined
conftest.c:3:1: warning: this is the location of the previous definition
/home/rakeshmistry/Documents/approxMC/cvc4-mc/cvc4-1.4/antlr-3.4/include/antlr3config.h:114:1: warning: "PACKAGE_VERSION" redefined
conftest.c:4:1: warning: this is the location of the previous definition
configure:23326: $? = 0
configure:23328: result: found it (must be antlr3 3.4 or similar)
configure:23331: WARNING: your antlr parser generator is version 3.1, which doesn't match the library!
configure:23407: checking for swig
configure:23423: found /usr/bin/swig
configure:23434: result: swig
configure:23490: checking compatibility with version of swig
conftest.c:3: Error: CPP #error "bad version". Use the -cpperraswarn option to continue swig processing.
configure:23502: result: incompatible version
configure:23504: WARNING: swig version 2.0.0 or later is required to build native API bindings
===Failed swig input was:
%module conftest
#if !defined(SWIG_VERSION) || SWIG_VERSION < 0x020000
#error bad version
#endif
===End failed swig input
configure:23515: checking for requested user language bindings
configure:23522: result: none
configure:24460: checking getopt.h usability
configure:24460: g++ -c   conftest.cpp >&5
configure:24460: $? = 0
configure:24460: result: yes
configure:24460: checking getopt.h presence
configure:24460: g++ -E  conftest.cpp
configure:24460: $? = 0
configure:24460: result: yes
configure:24460: checking for getopt.h
configure:24460: result: yes
configure:24460: checking for unistd.h
configure:24460: result: yes
configure:24460: checking ext/stdio_filebuf.h usability
configure:24460: g++ -c   conftest.cpp >&5
configure:24460: $? = 0
configure:24460: result: yes
configure:24460: checking ext/stdio_filebuf.h presence
configure:24460: g++ -E  conftest.cpp
configure:24460: $? = 0
configure:24460: result: yes
configure:24460: checking for ext/stdio_filebuf.h
configure:24460: result: yes
configure:24483: checking whether optreset is declared
configure:24483: g++ -c   conftest.cpp >&5
conftest.cpp: In function 'int main()':
conftest.cpp:36: error: 'optreset' was not declared in this scope
configure:24483: $? = 1
configure: failed program was:
| /* confdefs.h */
| #define PACKAGE_NAME "cvc4"
| #define PACKAGE_TARNAME "cvc4"
| #define PACKAGE_VERSION "1.4"
| #define PACKAGE_STRING "cvc4 1.4"
| #define PACKAGE_BUGREPORT "cvc-bugs@cs.nyu.edu"
| #define PACKAGE_URL ""
| #define STDC_HEADERS 1
| #define HAVE_SYS_TYPES_H 1
| #define HAVE_SYS_STAT_H 1
| #define HAVE_STDLIB_H 1
| #define HAVE_STRING_H 1
| #define HAVE_MEMORY_H 1
| #define HAVE_STRINGS_H 1
| #define HAVE_INTTYPES_H 1
| #define HAVE_STDINT_H 1
| #define HAVE_UNISTD_H 1
| #define HAVE_DLFCN_H 1
| #define LT_OBJDIR ".libs/"
| #define HAVE_LIBGMP 1
| #define CVC4_GMP_IMP /**/
| #define HAVE_CLOCK_GETTIME 1
| #define HAVE_STRTOK_R 1
| #define HAVE_FFS 1
| #define HAVE_GETOPT_H 1
| #define HAVE_UNISTD_H 1
| #define HAVE_EXT_STDIO_FILEBUF_H 1
| /* end confdefs.h.  */
| #include <getopt.h>
| 
| int
| main ()
| {
| #ifndef optreset
| #ifdef __cplusplus
|   (void) optreset;
| #else
|   (void) optreset;
| #endif
| #endif
| 
|   ;
|   return 0;
| }
configure:24483: result: no
configure:24497: checking whether strerror_r is declared
configure:24497: g++ -c   conftest.cpp >&5
configure:24497: $? = 0
configure:24497: result: yes
configure:24510: checking for strerror_r
configure:24510: g++ -o conftest    conftest.cpp -lrt -lgmp  >&5
configure:24510: $? = 0
configure:24510: result: yes
configure:24519: checking whether strerror_r returns char *
configure:24543: g++ -c   conftest.cpp >&5
configure:24543: $? = 0
configure:24581: result: yes
configure:24592: checking where we can find is_sorted
configure:24612: g++ -c   conftest.cpp >&5
conftest.cpp: In function 'int main()':
conftest.cpp:37: error: 'is_sorted' is not a member of 'std'
configure:24612: $? = 1
configure: failed program was:
| /* confdefs.h */
| #define PACKAGE_NAME "cvc4"
| #define PACKAGE_TARNAME "cvc4"
| #define PACKAGE_VERSION "1.4"
| #define PACKAGE_STRING "cvc4 1.4"
| #define PACKAGE_BUGREPORT "cvc-bugs@cs.nyu.edu"
| #define PACKAGE_URL ""
| #define STDC_HEADERS 1
| #define HAVE_SYS_TYPES_H 1
| #define HAVE_SYS_STAT_H 1
| #define HAVE_STDLIB_H 1
| #define HAVE_STRING_H 1
| #define HAVE_MEMORY_H 1
| #define HAVE_STRINGS_H 1
| #define HAVE_INTTYPES_H 1
| #define HAVE_STDINT_H 1
| #define HAVE_UNISTD_H 1
| #define HAVE_DLFCN_H 1
| #define LT_OBJDIR ".libs/"
| #define HAVE_LIBGMP 1
| #define CVC4_GMP_IMP /**/
| #define HAVE_CLOCK_GETTIME 1
| #define HAVE_STRTOK_R 1
| #define HAVE_FFS 1
| #define HAVE_GETOPT_H 1
| #define HAVE_UNISTD_H 1
| #define HAVE_EXT_STDIO_FILEBUF_H 1
| #define HAVE_DECL_OPTRESET 0
| #define HAVE_DECL_STRERROR_R 1
| #define HAVE_STRERROR_R 1
| #define STRERROR_R_CHAR_P 1
| /* end confdefs.h.  */
| #include <algorithm>
| int
| main ()
| {
| std::is_sorted((int*)0L, (int*)0L);
|   ;
|   return 0;
| }
configure:24626: g++ -c   conftest.cpp >&5
configure:24626: $? = 0
configure:24643: result: __gnu_cxx
configure: this is boost.m4 serial 16
configure:24682: checking for Boost headers version >= 0.0.0
configure:24753: g++ -c   conftest.cpp >&5
configure:24753: $? = 0
configure:24774: result: yes
configure:24793: checking for Boost's header version
configure:24811: result: 1_41
configure:24852: checking for the flags needed to use pthreads
configure:24907: g++ -o conftest    conftest.cpp -lrt -lgmp   >&5
configure:24907: $? = 0
configure:24921: result: 
configure:24929: checking for the toolset name used by Boost for g++
configure:25004: g++ -c   conftest.cpp >&5
conftest.cpp:39:3: error: #error defined __GNUC__ && __GNUC__ == 4 && __GNUC_MINOR__ == 8 && !defined __ICC
configure:25004: $? = 1
configure: failed program was:
| /* confdefs.h */
| #define PACKAGE_NAME "cvc4"
| #define PACKAGE_TARNAME "cvc4"
| #define PACKAGE_VERSION "1.4"
| #define PACKAGE_STRING "cvc4 1.4"
| #define PACKAGE_BUGREPORT "cvc-bugs@cs.nyu.edu"
| #define PACKAGE_URL ""
| #define STDC_HEADERS 1
| #define HAVE_SYS_TYPES_H 1
| #define HAVE_SYS_STAT_H 1
| #define HAVE_STDLIB_H 1
| #define HAVE_STRING_H 1
| #define HAVE_MEMORY_H 1
| #define HAVE_STRINGS_H 1
| #define HAVE_INTTYPES_H 1
| #define HAVE_STDINT_H 1
| #define HAVE_UNISTD_H 1
| #define HAVE_DLFCN_H 1
| #define LT_OBJDIR ".libs/"
| #define HAVE_LIBGMP 1
| #define CVC4_GMP_IMP /**/
| #define HAVE_CLOCK_GETTIME 1
| #define HAVE_STRTOK_R 1
| #define HAVE_FFS 1
| #define HAVE_GETOPT_H 1
| #define HAVE_UNISTD_H 1
| #define HAVE_EXT_STDIO_FILEBUF_H 1
| #define HAVE_DECL_OPTRESET 0
| #define HAVE_DECL_STRERROR_R 1
| #define HAVE_STRERROR_R 1
| #define STRERROR_R_CHAR_P 1
| #define IS_SORTED_IN_GNUCXX_NAMESPACE 1
| #define HAVE_BOOST 1
| /* end confdefs.h.  */
| 
| #if defined __GNUC__ && __GNUC__ == 4 && __GNUC_MINOR__ == 8 && !defined __ICC
| /* OK */
| #else
| # error defined __GNUC__ && __GNUC__ == 4 && __GNUC_MINOR__ == 8 && !defined __ICC
| #endif
| 
| int
| main ()
| {
| 
|   ;
|   return 0;
| }
configure:25004: g++ -c   conftest.cpp >&5
conftest.cpp:39:3: error: #error defined __GNUC__ && __GNUC__ == 4 && __GNUC_MINOR__ == 7 && !defined __ICC
configure:25004: $? = 1
configure: failed program was:
| /* confdefs.h */
| #define PACKAGE_NAME "cvc4"
| #define PACKAGE_TARNAME "cvc4"
| #define PACKAGE_VERSION "1.4"
| #define PACKAGE_STRING "cvc4 1.4"
| #define PACKAGE_BUGREPORT "cvc-bugs@cs.nyu.edu"
| #define PACKAGE_URL ""
| #define STDC_HEADERS 1
| #define HAVE_SYS_TYPES_H 1
| #define HAVE_SYS_STAT_H 1
| #define HAVE_STDLIB_H 1
| #define HAVE_STRING_H 1
| #define HAVE_MEMORY_H 1
| #define HAVE_STRINGS_H 1
| #define HAVE_INTTYPES_H 1
| #define HAVE_STDINT_H 1
| #define HAVE_UNISTD_H 1
| #define HAVE_DLFCN_H 1
| #define LT_OBJDIR ".libs/"
| #define HAVE_LIBGMP 1
| #define CVC4_GMP_IMP /**/
| #define HAVE_CLOCK_GETTIME 1
| #define HAVE_STRTOK_R 1
| #define HAVE_FFS 1
| #define HAVE_GETOPT_H 1
| #define HAVE_UNISTD_H 1
| #define HAVE_EXT_STDIO_FILEBUF_H 1
| #define HAVE_DECL_OPTRESET 0
| #define HAVE_DECL_STRERROR_R 1
| #define HAVE_STRERROR_R 1
| #define STRERROR_R_CHAR_P 1
| #define IS_SORTED_IN_GNUCXX_NAMESPACE 1
| #define HAVE_BOOST 1
| /* end confdefs.h.  */
| 
| #if defined __GNUC__ && __GNUC__ == 4 && __GNUC_MINOR__ == 7 && !defined __ICC
| /* OK */
| #else
| # error defined __GNUC__ && __GNUC__ == 4 && __GNUC_MINOR__ == 7 && !defined __ICC
| #endif
| 
| int
| main ()
| {
| 
|   ;
|   return 0;
| }
configure:25004: g++ -c   conftest.cpp >&5
conftest.cpp:39:3: error: #error defined __GNUC__ && __GNUC__ == 4 && __GNUC_MINOR__ == 6 && !defined __ICC
configure:25004: $? = 1
configure: failed program was:
| /* confdefs.h */
| #define PACKAGE_NAME "cvc4"
| #define PACKAGE_TARNAME "cvc4"
| #define PACKAGE_VERSION "1.4"
| #define PACKAGE_STRING "cvc4 1.4"
| #define PACKAGE_BUGREPORT "cvc-bugs@cs.nyu.edu"
| #define PACKAGE_URL ""
| #define STDC_HEADERS 1
| #define HAVE_SYS_TYPES_H 1
| #define HAVE_SYS_STAT_H 1
| #define HAVE_STDLIB_H 1
| #define HAVE_STRING_H 1
| #define HAVE_MEMORY_H 1
| #define HAVE_STRINGS_H 1
| #define HAVE_INTTYPES_H 1
| #define HAVE_STDINT_H 1
| #define HAVE_UNISTD_H 1
| #define HAVE_DLFCN_H 1
| #define LT_OBJDIR ".libs/"
| #define HAVE_LIBGMP 1
| #define CVC4_GMP_IMP /**/
| #define HAVE_CLOCK_GETTIME 1
| #define HAVE_STRTOK_R 1
| #define HAVE_FFS 1
| #define HAVE_GETOPT_H 1
| #define HAVE_UNISTD_H 1
| #define HAVE_EXT_STDIO_FILEBUF_H 1
| #define HAVE_DECL_OPTRESET 0
| #define HAVE_DECL_STRERROR_R 1
| #define HAVE_STRERROR_R 1
| #define STRERROR_R_CHAR_P 1
| #define IS_SORTED_IN_GNUCXX_NAMESPACE 1
| #define HAVE_BOOST 1
| /* end confdefs.h.  */
| 
| #if defined __GNUC__ && __GNUC__ == 4 && __GNUC_MINOR__ == 6 && !defined __ICC
| /* OK */
| #else
| # error defined __GNUC__ && __GNUC__ == 4 && __GNUC_MINOR__ == 6 && !defined __ICC
| #endif
| 
| int
| main ()
| {
| 
|   ;
|   return 0;
| }
configure:25004: g++ -c   conftest.cpp >&5
conftest.cpp:39:3: error: #error defined __GNUC__ && __GNUC__ == 4 && __GNUC_MINOR__ == 5 && !defined __ICC
configure:25004: $? = 1
configure: failed program was:
| /* confdefs.h */
| #define PACKAGE_NAME "cvc4"
| #define PACKAGE_TARNAME "cvc4"
| #define PACKAGE_VERSION "1.4"
| #define PACKAGE_STRING "cvc4 1.4"
| #define PACKAGE_BUGREPORT "cvc-bugs@cs.nyu.edu"
| #define PACKAGE_URL ""
| #define STDC_HEADERS 1
| #define HAVE_SYS_TYPES_H 1
| #define HAVE_SYS_STAT_H 1
| #define HAVE_STDLIB_H 1
| #define HAVE_STRING_H 1
| #define HAVE_MEMORY_H 1
| #define HAVE_STRINGS_H 1
| #define HAVE_INTTYPES_H 1
| #define HAVE_STDINT_H 1
| #define HAVE_UNISTD_H 1
| #define HAVE_DLFCN_H 1
| #define LT_OBJDIR ".libs/"
| #define HAVE_LIBGMP 1
| #define CVC4_GMP_IMP /**/
| #define HAVE_CLOCK_GETTIME 1
| #define HAVE_STRTOK_R 1
| #define HAVE_FFS 1
| #define HAVE_GETOPT_H 1
| #define HAVE_UNISTD_H 1
| #define HAVE_EXT_STDIO_FILEBUF_H 1
| #define HAVE_DECL_OPTRESET 0
| #define HAVE_DECL_STRERROR_R 1
| #define HAVE_STRERROR_R 1
| #define STRERROR_R_CHAR_P 1
| #define IS_SORTED_IN_GNUCXX_NAMESPACE 1
| #define HAVE_BOOST 1
| /* end confdefs.h.  */
| 
| #if defined __GNUC__ && __GNUC__ == 4 && __GNUC_MINOR__ == 5 && !defined __ICC
| /* OK */
| #else
| # error defined __GNUC__ && __GNUC__ == 4 && __GNUC_MINOR__ == 5 && !defined __ICC
| #endif
| 
| int
| main ()
| {
| 
|   ;
|   return 0;
| }
configure:25004: g++ -c   conftest.cpp >&5
configure:25004: $? = 0
configure:25039: result: gcc44 -gcc
configure:25066: gcc -c   conftest.c >&5
conftest.c:39:3: error: #error MT not needed
configure:25066: $? = 1
configure: failed program was:
| /* confdefs.h */
| #define PACKAGE_NAME "cvc4"
| #define PACKAGE_TARNAME "cvc4"
| #define PACKAGE_VERSION "1.4"
| #define PACKAGE_STRING "cvc4 1.4"
| #define PACKAGE_BUGREPORT "cvc-bugs@cs.nyu.edu"
| #define PACKAGE_URL ""
| #define STDC_HEADERS 1
| #define HAVE_SYS_TYPES_H 1
| #define HAVE_SYS_STAT_H 1
| #define HAVE_STDLIB_H 1
| #define HAVE_STRING_H 1
| #define HAVE_MEMORY_H 1
| #define HAVE_STRINGS_H 1
| #define HAVE_INTTYPES_H 1
| #define HAVE_STDINT_H 1
| #define HAVE_UNISTD_H 1
| #define HAVE_DLFCN_H 1
| #define LT_OBJDIR ".libs/"
| #define HAVE_LIBGMP 1
| #define CVC4_GMP_IMP /**/
| #define HAVE_CLOCK_GETTIME 1
| #define HAVE_STRTOK_R 1
| #define HAVE_FFS 1
| #define HAVE_GETOPT_H 1
| #define HAVE_UNISTD_H 1
| #define HAVE_EXT_STDIO_FILEBUF_H 1
| #define HAVE_DECL_OPTRESET 0
| #define HAVE_DECL_STRERROR_R 1
| #define HAVE_STRERROR_R 1
| #define STRERROR_R_CHAR_P 1
| #define IS_SORTED_IN_GNUCXX_NAMESPACE 1
| #define HAVE_BOOST 1
| /* end confdefs.h.  */
| 
| #if defined _REENTRANT || defined _MT || defined __MT__
| /* use -mt */
| #else
| # error MT not needed
| #endif
| 
| int
| main ()
| {
| 
|   ;
|   return 0;
| }
configure:25574: checking boost/thread.hpp usability
configure:25574: g++ -c     conftest.cpp >&5
configure:25574: $? = 0
configure:25574: result: yes
configure:25574: checking boost/thread.hpp presence
configure:25574: g++ -E    conftest.cpp
configure:25574: $? = 0
configure:25574: result: yes
configure:25574: checking for boost/thread.hpp
configure:25574: result: yes
configure:25603: checking for the Boost thread library
configure:25645: g++ -c     conftest.cpp >&5
configure:25645: $? = 0
configure:25700: re-using the existing conftest.o
configure:25706: g++ -o conftest       -L/usr/local/lib conftest.o -lboost_thread-gcc44-mt-1_41 -lrt -lgmp    >&5
/usr/bin/ld: cannot find -lboost_thread-gcc44-mt-1_41
collect2: ld returned 1 exit status
configure:25715: $? = 1
configure:25700: re-using the existing conftest.o
configure:25706: g++ -o conftest       -L/usr/local/lib64 conftest.o -lboost_thread-gcc44-mt-1_41 -lrt -lgmp    >&5
/usr/bin/ld: cannot find -lboost_thread-gcc44-mt-1_41
collect2: ld returned 1 exit status
configure:25715: $? = 1
configure:25700: re-using the existing conftest.o
configure:25706: g++ -o conftest       -L/usr/local/libexec conftest.o -lboost_thread-gcc44-mt-1_41 -lrt -lgmp    >&5
/usr/bin/ld: cannot find -lboost_thread-gcc44-mt-1_41
collect2: ld returned 1 exit status
configure:25715: $? = 1
configure:25700: re-using the existing conftest.o
configure:25706: g++ -o conftest       -L/usr/lib conftest.o -lboost_thread-gcc44-mt-1_41 -lrt -lgmp    >&5
/usr/bin/ld: cannot find -lboost_thread-gcc44-mt-1_41
collect2: ld returned 1 exit status
configure:25715: $? = 1
configure:25700: re-using the existing conftest.o
configure:25706: g++ -o conftest       -L/usr/lib64 conftest.o -lboost_thread-gcc44-mt-1_41 -lrt -lgmp    >&5
/usr/bin/ld: cannot find -lboost_thread-gcc44-mt-1_41
collect2: ld returned 1 exit status
configure:25715: $? = 1
configure:25700: re-using the existing conftest.o
configure:25706: g++ -o conftest       -L/usr/libexec conftest.o -lboost_thread-gcc44-mt-1_41 -lrt -lgmp    >&5
/usr/bin/ld: cannot find -lboost_thread-gcc44-mt-1_41
collect2: ld returned 1 exit status
configure:25715: $? = 1
configure:25700: re-using the existing conftest.o
configure:25706: g++ -o conftest       -L/lib conftest.o -lboost_thread-gcc44-mt-1_41 -lrt -lgmp    >&5
/usr/bin/ld: cannot find -lboost_thread-gcc44-mt-1_41
collect2: ld returned 1 exit status
configure:25715: $? = 1
configure:25700: re-using the existing conftest.o
configure:25706: g++ -o conftest       -L/lib64 conftest.o -lboost_thread-gcc44-mt-1_41 -lrt -lgmp    >&5
/usr/bin/ld: cannot find -lboost_thread-gcc44-mt-1_41
collect2: ld returned 1 exit status
configure:25715: $? = 1
configure:25700: re-using the existing conftest.o
configure:25706: g++ -o conftest       -L/usr/local/lib conftest.o -lboost_thread-gcc44-1_41 -lrt -lgmp    >&5
/usr/bin/ld: cannot find -lboost_thread-gcc44-1_41
collect2: ld returned 1 exit status
configure:25715: $? = 1
configure:25700: re-using the existing conftest.o
configure:25706: g++ -o conftest       -L/usr/local/lib64 conftest.o -lboost_thread-gcc44-1_41 -lrt -lgmp    >&5
/usr/bin/ld: cannot find -lboost_thread-gcc44-1_41
collect2: ld returned 1 exit status
configure:25715: $? = 1
configure:25700: re-using the existing conftest.o
configure:25706: g++ -o conftest       -L/usr/local/libexec conftest.o -lboost_thread-gcc44-1_41 -lrt -lgmp    >&5
/usr/bin/ld: cannot find -lboost_thread-gcc44-1_41
collect2: ld returned 1 exit status
configure:25715: $? = 1
configure:25700: re-using the existing conftest.o
configure:25706: g++ -o conftest       -L/usr/lib conftest.o -lboost_thread-gcc44-1_41 -lrt -lgmp    >&5
/usr/bin/ld: cannot find -lboost_thread-gcc44-1_41
collect2: ld returned 1 exit status
configure:25715: $? = 1
configure:25700: re-using the existing conftest.o
configure:25706: g++ -o conftest       -L/usr/lib64 conftest.o -lboost_thread-gcc44-1_41 -lrt -lgmp    >&5
/usr/bin/ld: cannot find -lboost_thread-gcc44-1_41
collect2: ld returned 1 exit status
configure:25715: $? = 1
configure:25700: re-using the existing conftest.o
configure:25706: g++ -o conftest       -L/usr/libexec conftest.o -lboost_thread-gcc44-1_41 -lrt -lgmp    >&5
/usr/bin/ld: cannot find -lboost_thread-gcc44-1_41
collect2: ld returned 1 exit status
configure:25715: $? = 1
configure:25700: re-using the existing conftest.o
configure:25706: g++ -o conftest       -L/lib conftest.o -lboost_thread-gcc44-1_41 -lrt -lgmp    >&5
/usr/bin/ld: cannot find -lboost_thread-gcc44-1_41
collect2: ld returned 1 exit status
configure:25715: $? = 1
configure:25700: re-using the existing conftest.o
configure:25706: g++ -o conftest       -L/lib64 conftest.o -lboost_thread-gcc44-1_41 -lrt -lgmp    >&5
/usr/bin/ld: cannot find -lboost_thread-gcc44-1_41
collect2: ld returned 1 exit status
configure:25715: $? = 1
configure:25700: re-using the existing conftest.o
configure:25706: g++ -o conftest       -L/usr/local/lib conftest.o -lboost_thread-gcc44-mt-d-1_41 -lrt -lgmp    >&5
/usr/bin/ld: cannot find -lboost_thread-gcc44-mt-d-1_41
collect2: ld returned 1 exit status
configure:25715: $? = 1
configure:25700: re-using the existing conftest.o
configure:25706: g++ -o conftest       -L/usr/local/lib64 conftest.o -lboost_thread-gcc44-mt-d-1_41 -lrt -lgmp    >&5
/usr/bin/ld: cannot find -lboost_thread-gcc44-mt-d-1_41
collect2: ld returned 1 exit status
configure:25715: $? = 1
configure:25700: re-using the existing conftest.o
configure:25706: g++ -o conftest       -L/usr/local/libexec conftest.o -lboost_thread-gcc44-mt-d-1_41 -lrt -lgmp    >&5
/usr/bin/ld: cannot find -lboost_thread-gcc44-mt-d-1_41
collect2: ld returned 1 exit status
configure:25715: $? = 1
configure:25700: re-using the existing conftest.o
configure:25706: g++ -o conftest       -L/usr/lib conftest.o -lboost_thread-gcc44-mt-d-1_41 -lrt -lgmp    >&5
/usr/bin/ld: cannot find -lboost_thread-gcc44-mt-d-1_41
collect2: ld returned 1 exit status
configure:25715: $? = 1
configure:25700: re-using the existing conftest.o
configure:25706: g++ -o conftest       -L/usr/lib64 conftest.o -lboost_thread-gcc44-mt-d-1_41 -lrt -lgmp    >&5
/usr/bin/ld: cannot find -lboost_thread-gcc44-mt-d-1_41
collect2: ld returned 1 exit status
configure:25715: $? = 1
configure:25700: re-using the existing conftest.o
configure:25706: g++ -o conftest       -L/usr/libexec conftest.o -lboost_thread-gcc44-mt-d-1_41 -lrt -lgmp    >&5
/usr/bin/ld: cannot find -lboost_thread-gcc44-mt-d-1_41
collect2: ld returned 1 exit status
configure:25715: $? = 1
configure:25700: re-using the existing conftest.o
configure:25706: g++ -o conftest       -L/lib conftest.o -lboost_thread-gcc44-mt-d-1_41 -lrt -lgmp    >&5
/usr/bin/ld: cannot find -lboost_thread-gcc44-mt-d-1_41
collect2: ld returned 1 exit status
configure:25715: $? = 1
configure:25700: re-using the existing conftest.o
configure:25706: g++ -o conftest       -L/lib64 conftest.o -lboost_thread-gcc44-mt-d-1_41 -lrt -lgmp    >&5
/usr/bin/ld: cannot find -lboost_thread-gcc44-mt-d-1_41
collect2: ld returned 1 exit status
configure:25715: $? = 1
configure:25700: re-using the existing conftest.o
configure:25706: g++ -o conftest       -L/usr/local/lib conftest.o -lboost_thread-gcc44-d-1_41 -lrt -lgmp    >&5
/usr/bin/ld: cannot find -lboost_thread-gcc44-d-1_41
collect2: ld returned 1 exit status
configure:25715: $? = 1
configure:25700: re-using the existing conftest.o
configure:25706: g++ -o conftest       -L/usr/local/lib64 conftest.o -lboost_thread-gcc44-d-1_41 -lrt -lgmp    >&5
/usr/bin/ld: cannot find -lboost_thread-gcc44-d-1_41
collect2: ld returned 1 exit status
configure:25715: $? = 1
configure:25700: re-using the existing conftest.o
configure:25706: g++ -o conftest       -L/usr/local/libexec conftest.o -lboost_thread-gcc44-d-1_41 -lrt -lgmp    >&5
/usr/bin/ld: cannot find -lboost_thread-gcc44-d-1_41
collect2: ld returned 1 exit status
configure:25715: $? = 1
configure:25700: re-using the existing conftest.o
configure:25706: g++ -o conftest       -L/usr/lib conftest.o -lboost_thread-gcc44-d-1_41 -lrt -lgmp    >&5
/usr/bin/ld: cannot find -lboost_thread-gcc44-d-1_41
collect2: ld returned 1 exit status
configure:25715: $? = 1
configure:25700: re-using the existing conftest.o
configure:25706: g++ -o conftest       -L/usr/lib64 conftest.o -lboost_thread-gcc44-d-1_41 -lrt -lgmp    >&5
/usr/bin/ld: cannot find -lboost_thread-gcc44-d-1_41
collect2: ld returned 1 exit status
configure:25715: $? = 1
configure:25700: re-using the existing conftest.o
configure:25706: g++ -o conftest       -L/usr/libexec conftest.o -lboost_thread-gcc44-d-1_41 -lrt -lgmp    >&5
/usr/bin/ld: cannot find -lboost_thread-gcc44-d-1_41
collect2: ld returned 1 exit status
configure:25715: $? = 1
configure:25700: re-using the existing conftest.o
configure:25706: g++ -o conftest       -L/lib conftest.o -lboost_thread-gcc44-d-1_41 -lrt -lgmp    >&5
/usr/bin/ld: cannot find -lboost_thread-gcc44-d-1_41
collect2: ld returned 1 exit status
configure:25715: $? = 1
configure:25700: re-using the existing conftest.o
configure:25706: g++ -o conftest       -L/lib64 conftest.o -lboost_thread-gcc44-d-1_41 -lrt -lgmp    >&5
/usr/bin/ld: cannot find -lboost_thread-gcc44-d-1_41
collect2: ld returned 1 exit status
configure:25715: $? = 1
configure:25700: re-using the existing conftest.o
configure:25706: g++ -o conftest       -L/usr/local/lib conftest.o -lboost_thread-gcc44-mt -lrt -lgmp    >&5
/usr/bin/ld: cannot find -lboost_thread-gcc44-mt
collect2: ld returned 1 exit status
configure:25715: $? = 1
configure:25700: re-using the existing conftest.o
configure:25706: g++ -o conftest       -L/usr/local/lib64 conftest.o -lboost_thread-gcc44-mt -lrt -lgmp    >&5
/usr/bin/ld: cannot find -lboost_thread-gcc44-mt
collect2: ld returned 1 exit status
configure:25715: $? = 1
configure:25700: re-using the existing conftest.o
configure:25706: g++ -o conftest       -L/usr/local/libexec conftest.o -lboost_thread-gcc44-mt -lrt -lgmp    >&5
/usr/bin/ld: cannot find -lboost_thread-gcc44-mt
collect2: ld returned 1 exit status
configure:25715: $? = 1
configure:25700: re-using the existing conftest.o
configure:25706: g++ -o conftest       -L/usr/lib conftest.o -lboost_thread-gcc44-mt -lrt -lgmp    >&5
/usr/bin/ld: cannot find -lboost_thread-gcc44-mt
collect2: ld returned 1 exit status
configure:25715: $? = 1
configure:25700: re-using the existing conftest.o
configure:25706: g++ -o conftest       -L/usr/lib64 conftest.o -lboost_thread-gcc44-mt -lrt -lgmp    >&5
/usr/bin/ld: cannot find -lboost_thread-gcc44-mt
collect2: ld returned 1 exit status
configure:25715: $? = 1
configure:25700: re-using the existing conftest.o
configure:25706: g++ -o conftest       -L/usr/libexec conftest.o -lboost_thread-gcc44-mt -lrt -lgmp    >&5
/usr/bin/ld: cannot find -lboost_thread-gcc44-mt
collect2: ld returned 1 exit status
configure:25715: $? = 1
configure:25700: re-using the existing conftest.o
configure:25706: g++ -o conftest       -L/lib conftest.o -lboost_thread-gcc44-mt -lrt -lgmp    >&5
/usr/bin/ld: cannot find -lboost_thread-gcc44-mt
collect2: ld returned 1 exit status
configure:25715: $? = 1
configure:25700: re-using the existing conftest.o
configure:25706: g++ -o conftest       -L/lib64 conftest.o -lboost_thread-gcc44-mt -lrt -lgmp    >&5
/usr/bin/ld: cannot find -lboost_thread-gcc44-mt
collect2: ld returned 1 exit status
configure:25715: $? = 1
configure:25700: re-using the existing conftest.o
configure:25706: g++ -o conftest       -L/usr/local/lib conftest.o -lboost_thread-gcc44 -lrt -lgmp    >&5
/usr/bin/ld: cannot find -lboost_thread-gcc44
collect2: ld returned 1 exit status
configure:25715: $? = 1
configure:25700: re-using the existing conftest.o
configure:25706: g++ -o conftest       -L/usr/local/lib64 conftest.o -lboost_thread-gcc44 -lrt -lgmp    >&5
/usr/bin/ld: cannot find -lboost_thread-gcc44
collect2: ld returned 1 exit status
configure:25715: $? = 1
configure:25700: re-using the existing conftest.o
configure:25706: g++ -o conftest       -L/usr/local/libexec conftest.o -lboost_thread-gcc44 -lrt -lgmp    >&5
/usr/bin/ld: cannot find -lboost_thread-gcc44
collect2: ld returned 1 exit status
configure:25715: $? = 1
configure:25700: re-using the existing conftest.o
configure:25706: g++ -o conftest       -L/usr/lib conftest.o -lboost_thread-gcc44 -lrt -lgmp    >&5
/usr/bin/ld: cannot find -lboost_thread-gcc44
collect2: ld returned 1 exit status
configure:25715: $? = 1
configure:25700: re-using the existing conftest.o
configure:25706: g++ -o conftest       -L/usr/lib64 conftest.o -lboost_thread-gcc44 -lrt -lgmp    >&5
/usr/bin/ld: cannot find -lboost_thread-gcc44
collect2: ld returned 1 exit status
configure:25715: $? = 1
configure:25700: re-using the existing conftest.o
configure:25706: g++ -o conftest       -L/usr/libexec conftest.o -lboost_thread-gcc44 -lrt -lgmp    >&5
/usr/bin/ld: cannot find -lboost_thread-gcc44
collect2: ld returned 1 exit status
configure:25715: $? = 1
configure:25700: re-using the existing conftest.o
configure:25706: g++ -o conftest       -L/lib conftest.o -lboost_thread-gcc44 -lrt -lgmp    >&5
/usr/bin/ld: cannot find -lboost_thread-gcc44
collect2: ld returned 1 exit status
configure:25715: $? = 1
configure:25700: re-using the existing conftest.o
configure:25706: g++ -o conftest       -L/lib64 conftest.o -lboost_thread-gcc44 -lrt -lgmp    >&5
/usr/bin/ld: cannot find -lboost_thread-gcc44
collect2: ld returned 1 exit status
configure:25715: $? = 1
configure:25700: re-using the existing conftest.o
configure:25706: g++ -o conftest       -L/usr/local/lib conftest.o -lboost_thread-gcc44-mt-d -lrt -lgmp    >&5
/usr/bin/ld: cannot find -lboost_thread-gcc44-mt-d
collect2: ld returned 1 exit status
configure:25715: $? = 1
configure:25700: re-using the existing conftest.o
configure:25706: g++ -o conftest       -L/usr/local/lib64 conftest.o -lboost_thread-gcc44-mt-d -lrt -lgmp    >&5
/usr/bin/ld: cannot find -lboost_thread-gcc44-mt-d
collect2: ld returned 1 exit status
configure:25715: $? = 1
configure:25700: re-using the existing conftest.o
configure:25706: g++ -o conftest       -L/usr/local/libexec conftest.o -lboost_thread-gcc44-mt-d -lrt -lgmp    >&5
/usr/bin/ld: cannot find -lboost_thread-gcc44-mt-d
collect2: ld returned 1 exit status
configure:25715: $? = 1
configure:25700: re-using the existing conftest.o
configure:25706: g++ -o conftest       -L/usr/lib conftest.o -lboost_thread-gcc44-mt-d -lrt -lgmp    >&5
/usr/bin/ld: cannot find -lboost_thread-gcc44-mt-d
collect2: ld returned 1 exit status
configure:25715: $? = 1
configure:25700: re-using the existing conftest.o
configure:25706: g++ -o conftest       -L/usr/lib64 conftest.o -lboost_thread-gcc44-mt-d -lrt -lgmp    >&5
/usr/bin/ld: cannot find -lboost_thread-gcc44-mt-d
collect2: ld returned 1 exit status
configure:25715: $? = 1
configure:25700: re-using the existing conftest.o
configure:25706: g++ -o conftest       -L/usr/libexec conftest.o -lboost_thread-gcc44-mt-d -lrt -lgmp    >&5
/usr/bin/ld: cannot find -lboost_thread-gcc44-mt-d
collect2: ld returned 1 exit status
configure:25715: $? = 1
configure:25700: re-using the existing conftest.o
configure:25706: g++ -o conftest       -L/lib conftest.o -lboost_thread-gcc44-mt-d -lrt -lgmp    >&5
/usr/bin/ld: cannot find -lboost_thread-gcc44-mt-d
collect2: ld returned 1 exit status
configure:25715: $? = 1
configure:25700: re-using the existing conftest.o
configure:25706: g++ -o conftest       -L/lib64 conftest.o -lboost_thread-gcc44-mt-d -lrt -lgmp    >&5
/usr/bin/ld: cannot find -lboost_thread-gcc44-mt-d
collect2: ld returned 1 exit status
configure:25715: $? = 1
configure:25700: re-using the existing conftest.o
configure:25706: g++ -o conftest       -L/usr/local/lib conftest.o -lboost_thread-gcc44-d -lrt -lgmp    >&5
/usr/bin/ld: cannot find -lboost_thread-gcc44-d
collect2: ld returned 1 exit status
configure:25715: $? = 1
configure:25700: re-using the existing conftest.o
configure:25706: g++ -o conftest       -L/usr/local/lib64 conftest.o -lboost_thread-gcc44-d -lrt -lgmp    >&5
/usr/bin/ld: cannot find -lboost_thread-gcc44-d
collect2: ld returned 1 exit status
configure:25715: $? = 1
configure:25700: re-using the existing conftest.o
configure:25706: g++ -o conftest       -L/usr/local/libexec conftest.o -lboost_thread-gcc44-d -lrt -lgmp    >&5
/usr/bin/ld: cannot find -lboost_thread-gcc44-d
collect2: ld returned 1 exit status
configure:25715: $? = 1
configure:25700: re-using the existing conftest.o
configure:25706: g++ -o conftest       -L/usr/lib conftest.o -lboost_thread-gcc44-d -lrt -lgmp    >&5
/usr/bin/ld: cannot find -lboost_thread-gcc44-d
collect2: ld returned 1 exit status
configure:25715: $? = 1
configure:25700: re-using the existing conftest.o
configure:25706: g++ -o conftest       -L/usr/lib64 conftest.o -lboost_thread-gcc44-d -lrt -lgmp    >&5
/usr/bin/ld: cannot find -lboost_thread-gcc44-d
collect2: ld returned 1 exit status
configure:25715: $? = 1
configure:25700: re-using the existing conftest.o
configure:25706: g++ -o conftest       -L/usr/libexec conftest.o -lboost_thread-gcc44-d -lrt -lgmp    >&5
/usr/bin/ld: cannot find -lboost_thread-gcc44-d
collect2: ld returned 1 exit status
configure:25715: $? = 1
configure:25700: re-using the existing conftest.o
configure:25706: g++ -o conftest       -L/lib conftest.o -lboost_thread-gcc44-d -lrt -lgmp    >&5
/usr/bin/ld: cannot find -lboost_thread-gcc44-d
collect2: ld returned 1 exit status
configure:25715: $? = 1
configure:25700: re-using the existing conftest.o
configure:25706: g++ -o conftest       -L/lib64 conftest.o -lboost_thread-gcc44-d -lrt -lgmp    >&5
/usr/bin/ld: cannot find -lboost_thread-gcc44-d
collect2: ld returned 1 exit status
configure:25715: $? = 1
configure:25700: re-using the existing conftest.o
configure:25706: g++ -o conftest       -L/usr/local/lib conftest.o -lboost_thread-gcc-mt-1_41 -lrt -lgmp    >&5
/usr/bin/ld: cannot find -lboost_thread-gcc-mt-1_41
collect2: ld returned 1 exit status
configure:25715: $? = 1
configure:25700: re-using the existing conftest.o
configure:25706: g++ -o conftest       -L/usr/local/lib64 conftest.o -lboost_thread-gcc-mt-1_41 -lrt -lgmp    >&5
/usr/bin/ld: cannot find -lboost_thread-gcc-mt-1_41
collect2: ld returned 1 exit status
configure:25715: $? = 1
configure:25700: re-using the existing conftest.o
configure:25706: g++ -o conftest       -L/usr/local/libexec conftest.o -lboost_thread-gcc-mt-1_41 -lrt -lgmp    >&5
/usr/bin/ld: cannot find -lboost_thread-gcc-mt-1_41
collect2: ld returned 1 exit status
configure:25715: $? = 1
configure:25700: re-using the existing conftest.o
configure:25706: g++ -o conftest       -L/usr/lib conftest.o -lboost_thread-gcc-mt-1_41 -lrt -lgmp    >&5
/usr/bin/ld: cannot find -lboost_thread-gcc-mt-1_41
collect2: ld returned 1 exit status
configure:25715: $? = 1
configure:25700: re-using the existing conftest.o
configure:25706: g++ -o conftest       -L/usr/lib64 conftest.o -lboost_thread-gcc-mt-1_41 -lrt -lgmp    >&5
/usr/bin/ld: cannot find -lboost_thread-gcc-mt-1_41
collect2: ld returned 1 exit status
configure:25715: $? = 1
configure:25700: re-using the existing conftest.o
configure:25706: g++ -o conftest       -L/usr/libexec conftest.o -lboost_thread-gcc-mt-1_41 -lrt -lgmp    >&5
/usr/bin/ld: cannot find -lboost_thread-gcc-mt-1_41
collect2: ld returned 1 exit status
configure:25715: $? = 1
configure:25700: re-using the existing conftest.o
configure:25706: g++ -o conftest       -L/lib conftest.o -lboost_thread-gcc-mt-1_41 -lrt -lgmp    >&5
/usr/bin/ld: cannot find -lboost_thread-gcc-mt-1_41
collect2: ld returned 1 exit status
configure:25715: $? = 1
configure:25700: re-using the existing conftest.o
configure:25706: g++ -o conftest       -L/lib64 conftest.o -lboost_thread-gcc-mt-1_41 -lrt -lgmp    >&5
/usr/bin/ld: cannot find -lboost_thread-gcc-mt-1_41
collect2: ld returned 1 exit status
configure:25715: $? = 1
configure:25700: re-using the existing conftest.o
configure:25706: g++ -o conftest       -L/usr/local/lib conftest.o -lboost_thread-gcc-1_41 -lrt -lgmp    >&5
/usr/bin/ld: cannot find -lboost_thread-gcc-1_41
collect2: ld returned 1 exit status
configure:25715: $? = 1
configure:25700: re-using the existing conftest.o
configure:25706: g++ -o conftest       -L/usr/local/lib64 conftest.o -lboost_thread-gcc-1_41 -lrt -lgmp    >&5
/usr/bin/ld: cannot find -lboost_thread-gcc-1_41
collect2: ld returned 1 exit status
configure:25715: $? = 1
configure:25700: re-using the existing conftest.o
configure:25706: g++ -o conftest       -L/usr/local/libexec conftest.o -lboost_thread-gcc-1_41 -lrt -lgmp    >&5
/usr/bin/ld: cannot find -lboost_thread-gcc-1_41
collect2: ld returned 1 exit status
configure:25715: $? = 1
configure:25700: re-using the existing conftest.o
configure:25706: g++ -o conftest       -L/usr/lib conftest.o -lboost_thread-gcc-1_41 -lrt -lgmp    >&5
/usr/bin/ld: cannot find -lboost_thread-gcc-1_41
collect2: ld returned 1 exit status
configure:25715: $? = 1
configure:25700: re-using the existing conftest.o
configure:25706: g++ -o conftest       -L/usr/lib64 conftest.o -lboost_thread-gcc-1_41 -lrt -lgmp    >&5
/usr/bin/ld: cannot find -lboost_thread-gcc-1_41
collect2: ld returned 1 exit status
configure:25715: $? = 1
configure:25700: re-using the existing conftest.o
configure:25706: g++ -o conftest       -L/usr/libexec conftest.o -lboost_thread-gcc-1_41 -lrt -lgmp    >&5
/usr/bin/ld: cannot find -lboost_thread-gcc-1_41
collect2: ld returned 1 exit status
configure:25715: $? = 1
configure:25700: re-using the existing conftest.o
configure:25706: g++ -o conftest       -L/lib conftest.o -lboost_thread-gcc-1_41 -lrt -lgmp    >&5
/usr/bin/ld: cannot find -lboost_thread-gcc-1_41
collect2: ld returned 1 exit status
configure:25715: $? = 1
configure:25700: re-using the existing conftest.o
configure:25706: g++ -o conftest       -L/lib64 conftest.o -lboost_thread-gcc-1_41 -lrt -lgmp    >&5
/usr/bin/ld: cannot find -lboost_thread-gcc-1_41
collect2: ld returned 1 exit status
configure:25715: $? = 1
configure:25700: re-using the existing conftest.o
configure:25706: g++ -o conftest       -L/usr/local/lib conftest.o -lboost_thread-gcc-mt-d-1_41 -lrt -lgmp    >&5
/usr/bin/ld: cannot find -lboost_thread-gcc-mt-d-1_41
collect2: ld returned 1 exit status
configure:25715: $? = 1
configure:25700: re-using the existing conftest.o
configure:25706: g++ -o conftest       -L/usr/local/lib64 conftest.o -lboost_thread-gcc-mt-d-1_41 -lrt -lgmp    >&5
/usr/bin/ld: cannot find -lboost_thread-gcc-mt-d-1_41
collect2: ld returned 1 exit status
configure:25715: $? = 1
configure:25700: re-using the existing conftest.o
configure:25706: g++ -o conftest       -L/usr/local/libexec conftest.o -lboost_thread-gcc-mt-d-1_41 -lrt -lgmp    >&5
/usr/bin/ld: cannot find -lboost_thread-gcc-mt-d-1_41
collect2: ld returned 1 exit status
configure:25715: $? = 1
configure:25700: re-using the existing conftest.o
configure:25706: g++ -o conftest       -L/usr/lib conftest.o -lboost_thread-gcc-mt-d-1_41 -lrt -lgmp    >&5
/usr/bin/ld: cannot find -lboost_thread-gcc-mt-d-1_41
collect2: ld returned 1 exit status
configure:25715: $? = 1
configure:25700: re-using the existing conftest.o
configure:25706: g++ -o conftest       -L/usr/lib64 conftest.o -lboost_thread-gcc-mt-d-1_41 -lrt -lgmp    >&5
/usr/bin/ld: cannot find -lboost_thread-gcc-mt-d-1_41
collect2: ld returned 1 exit status
configure:25715: $? = 1
configure:25700: re-using the existing conftest.o
configure:25706: g++ -o conftest       -L/usr/libexec conftest.o -lboost_thread-gcc-mt-d-1_41 -lrt -lgmp    >&5
/usr/bin/ld: cannot find -lboost_thread-gcc-mt-d-1_41
collect2: ld returned 1 exit status
configure:25715: $? = 1
configure:25700: re-using the existing conftest.o
configure:25706: g++ -o conftest       -L/lib conftest.o -lboost_thread-gcc-mt-d-1_41 -lrt -lgmp    >&5
/usr/bin/ld: cannot find -lboost_thread-gcc-mt-d-1_41
collect2: ld returned 1 exit status
configure:25715: $? = 1
configure:25700: re-using the existing conftest.o
configure:25706: g++ -o conftest       -L/lib64 conftest.o -lboost_thread-gcc-mt-d-1_41 -lrt -lgmp    >&5
/usr/bin/ld: cannot find -lboost_thread-gcc-mt-d-1_41
collect2: ld returned 1 exit status
configure:25715: $? = 1
configure:25700: re-using the existing conftest.o
configure:25706: g++ -o conftest       -L/usr/local/lib conftest.o -lboost_thread-gcc-d-1_41 -lrt -lgmp    >&5
/usr/bin/ld: cannot find -lboost_thread-gcc-d-1_41
collect2: ld returned 1 exit status
configure:25715: $? = 1
configure:25700: re-using the existing conftest.o
configure:25706: g++ -o conftest       -L/usr/local/lib64 conftest.o -lboost_thread-gcc-d-1_41 -lrt -lgmp    >&5
/usr/bin/ld: cannot find -lboost_thread-gcc-d-1_41
collect2: ld returned 1 exit status
configure:25715: $? = 1
configure:25700: re-using the existing conftest.o
configure:25706: g++ -o conftest       -L/usr/local/libexec conftest.o -lboost_thread-gcc-d-1_41 -lrt -lgmp    >&5
/usr/bin/ld: cannot find -lboost_thread-gcc-d-1_41
collect2: ld returned 1 exit status
configure:25715: $? = 1
configure:25700: re-using the existing conftest.o
configure:25706: g++ -o conftest       -L/usr/lib conftest.o -lboost_thread-gcc-d-1_41 -lrt -lgmp    >&5
/usr/bin/ld: cannot find -lboost_thread-gcc-d-1_41
collect2: ld returned 1 exit status
configure:25715: $? = 1
configure:25700: re-using the existing conftest.o
configure:25706: g++ -o conftest       -L/usr/lib64 conftest.o -lboost_thread-gcc-d-1_41 -lrt -lgmp    >&5
/usr/bin/ld: cannot find -lboost_thread-gcc-d-1_41
collect2: ld returned 1 exit status
configure:25715: $? = 1
configure:25700: re-using the existing conftest.o
configure:25706: g++ -o conftest       -L/usr/libexec conftest.o -lboost_thread-gcc-d-1_41 -lrt -lgmp    >&5
/usr/bin/ld: cannot find -lboost_thread-gcc-d-1_41
collect2: ld returned 1 exit status
configure:25715: $? = 1
configure:25700: re-using the existing conftest.o
configure:25706: g++ -o conftest       -L/lib conftest.o -lboost_thread-gcc-d-1_41 -lrt -lgmp    >&5
/usr/bin/ld: cannot find -lboost_thread-gcc-d-1_41
collect2: ld returned 1 exit status
configure:25715: $? = 1
configure:25700: re-using the existing conftest.o
configure:25706: g++ -o conftest       -L/lib64 conftest.o -lboost_thread-gcc-d-1_41 -lrt -lgmp    >&5
/usr/bin/ld: cannot find -lboost_thread-gcc-d-1_41
collect2: ld returned 1 exit status
configure:25715: $? = 1
configure:25700: re-using the existing conftest.o
configure:25706: g++ -o conftest       -L/usr/local/lib conftest.o -lboost_thread-gcc-mt -lrt -lgmp    >&5
/usr/bin/ld: cannot find -lboost_thread-gcc-mt
collect2: ld returned 1 exit status
configure:25715: $? = 1
configure:25700: re-using the existing conftest.o
configure:25706: g++ -o conftest       -L/usr/local/lib64 conftest.o -lboost_thread-gcc-mt -lrt -lgmp    >&5
/usr/bin/ld: cannot find -lboost_thread-gcc-mt
collect2: ld returned 1 exit status
configure:25715: $? = 1
configure:25700: re-using the existing conftest.o
configure:25706: g++ -o conftest       -L/usr/local/libexec conftest.o -lboost_thread-gcc-mt -lrt -lgmp    >&5
/usr/bin/ld: cannot find -lboost_thread-gcc-mt
collect2: ld returned 1 exit status
configure:25715: $? = 1
configure:25700: re-using the existing conftest.o
configure:25706: g++ -o conftest       -L/usr/lib conftest.o -lboost_thread-gcc-mt -lrt -lgmp    >&5
/usr/bin/ld: cannot find -lboost_thread-gcc-mt
collect2: ld returned 1 exit status
configure:25715: $? = 1
configure:25700: re-using the existing conftest.o
configure:25706: g++ -o conftest       -L/usr/lib64 conftest.o -lboost_thread-gcc-mt -lrt -lgmp    >&5
/usr/bin/ld: cannot find -lboost_thread-gcc-mt
collect2: ld returned 1 exit status
configure:25715: $? = 1
configure:25700: re-using the existing conftest.o
configure:25706: g++ -o conftest       -L/usr/libexec conftest.o -lboost_thread-gcc-mt -lrt -lgmp    >&5
/usr/bin/ld: cannot find -lboost_thread-gcc-mt
collect2: ld returned 1 exit status
configure:25715: $? = 1
configure:25700: re-using the existing conftest.o
configure:25706: g++ -o conftest       -L/lib conftest.o -lboost_thread-gcc-mt -lrt -lgmp    >&5
/usr/bin/ld: cannot find -lboost_thread-gcc-mt
collect2: ld returned 1 exit status
configure:25715: $? = 1
configure:25700: re-using the existing conftest.o
configure:25706: g++ -o conftest       -L/lib64 conftest.o -lboost_thread-gcc-mt -lrt -lgmp    >&5
/usr/bin/ld: cannot find -lboost_thread-gcc-mt
collect2: ld returned 1 exit status
configure:25715: $? = 1
configure:25700: re-using the existing conftest.o
configure:25706: g++ -o conftest       -L/usr/local/lib conftest.o -lboost_thread-gcc -lrt -lgmp    >&5
/usr/bin/ld: cannot find -lboost_thread-gcc
collect2: ld returned 1 exit status
configure:25715: $? = 1
configure:25700: re-using the existing conftest.o
configure:25706: g++ -o conftest       -L/usr/local/lib64 conftest.o -lboost_thread-gcc -lrt -lgmp    >&5
/usr/bin/ld: cannot find -lboost_thread-gcc
collect2: ld returned 1 exit status
configure:25715: $? = 1
configure:25700: re-using the existing conftest.o
configure:25706: g++ -o conftest       -L/usr/local/libexec conftest.o -lboost_thread-gcc -lrt -lgmp    >&5
/usr/bin/ld: cannot find -lboost_thread-gcc
collect2: ld returned 1 exit status
configure:25715: $? = 1
configure:25700: re-using the existing conftest.o
configure:25706: g++ -o conftest       -L/usr/lib conftest.o -lboost_thread-gcc -lrt -lgmp    >&5
/usr/bin/ld: cannot find -lboost_thread-gcc
collect2: ld returned 1 exit status
configure:25715: $? = 1
configure:25700: re-using the existing conftest.o
configure:25706: g++ -o conftest       -L/usr/lib64 conftest.o -lboost_thread-gcc -lrt -lgmp    >&5
/usr/bin/ld: cannot find -lboost_thread-gcc
collect2: ld returned 1 exit status
configure:25715: $? = 1
configure:25700: re-using the existing conftest.o
configure:25706: g++ -o conftest       -L/usr/libexec conftest.o -lboost_thread-gcc -lrt -lgmp    >&5
/usr/bin/ld: cannot find -lboost_thread-gcc
collect2: ld returned 1 exit status
configure:25715: $? = 1
configure:25700: re-using the existing conftest.o
configure:25706: g++ -o conftest       -L/lib conftest.o -lboost_thread-gcc -lrt -lgmp    >&5
/usr/bin/ld: cannot find -lboost_thread-gcc
collect2: ld returned 1 exit status
configure:25715: $? = 1
configure:25700: re-using the existing conftest.o
configure:25706: g++ -o conftest       -L/lib64 conftest.o -lboost_thread-gcc -lrt -lgmp    >&5
/usr/bin/ld: cannot find -lboost_thread-gcc
collect2: ld returned 1 exit status
configure:25715: $? = 1
configure:25700: re-using the existing conftest.o
configure:25706: g++ -o conftest       -L/usr/local/lib conftest.o -lboost_thread-gcc-mt-d -lrt -lgmp    >&5
/usr/bin/ld: cannot find -lboost_thread-gcc-mt-d
collect2: ld returned 1 exit status
configure:25715: $? = 1
configure:25700: re-using the existing conftest.o
configure:25706: g++ -o conftest       -L/usr/local/lib64 conftest.o -lboost_thread-gcc-mt-d -lrt -lgmp    >&5
/usr/bin/ld: cannot find -lboost_thread-gcc-mt-d
collect2: ld returned 1 exit status
configure:25715: $? = 1
configure:25700: re-using the existing conftest.o
configure:25706: g++ -o conftest       -L/usr/local/libexec conftest.o -lboost_thread-gcc-mt-d -lrt -lgmp    >&5
/usr/bin/ld: cannot find -lboost_thread-gcc-mt-d
collect2: ld returned 1 exit status
configure:25715: $? = 1
configure:25700: re-using the existing conftest.o
configure:25706: g++ -o conftest       -L/usr/lib conftest.o -lboost_thread-gcc-mt-d -lrt -lgmp    >&5
/usr/bin/ld: cannot find -lboost_thread-gcc-mt-d
collect2: ld returned 1 exit status
configure:25715: $? = 1
configure:25700: re-using the existing conftest.o
configure:25706: g++ -o conftest       -L/usr/lib64 conftest.o -lboost_thread-gcc-mt-d -lrt -lgmp    >&5
/usr/bin/ld: cannot find -lboost_thread-gcc-mt-d
collect2: ld returned 1 exit status
configure:25715: $? = 1
configure:25700: re-using the existing conftest.o
configure:25706: g++ -o conftest       -L/usr/libexec conftest.o -lboost_thread-gcc-mt-d -lrt -lgmp    >&5
/usr/bin/ld: cannot find -lboost_thread-gcc-mt-d
collect2: ld returned 1 exit status
configure:25715: $? = 1
configure:25700: re-using the existing conftest.o
configure:25706: g++ -o conftest       -L/lib conftest.o -lboost_thread-gcc-mt-d -lrt -lgmp    >&5
/usr/bin/ld: cannot find -lboost_thread-gcc-mt-d
collect2: ld returned 1 exit status
configure:25715: $? = 1
configure:25700: re-using the existing conftest.o
configure:25706: g++ -o conftest       -L/lib64 conftest.o -lboost_thread-gcc-mt-d -lrt -lgmp    >&5
/usr/bin/ld: cannot find -lboost_thread-gcc-mt-d
collect2: ld returned 1 exit status
configure:25715: $? = 1
configure:25700: re-using the existing conftest.o
configure:25706: g++ -o conftest       -L/usr/local/lib conftest.o -lboost_thread-gcc-d -lrt -lgmp    >&5
/usr/bin/ld: cannot find -lboost_thread-gcc-d
collect2: ld returned 1 exit status
configure:25715: $? = 1
configure:25700: re-using the existing conftest.o
configure:25706: g++ -o conftest       -L/usr/local/lib64 conftest.o -lboost_thread-gcc-d -lrt -lgmp    >&5
/usr/bin/ld: cannot find -lboost_thread-gcc-d
collect2: ld returned 1 exit status
configure:25715: $? = 1
configure:25700: re-using the existing conftest.o
configure:25706: g++ -o conftest       -L/usr/local/libexec conftest.o -lboost_thread-gcc-d -lrt -lgmp    >&5
/usr/bin/ld: cannot find -lboost_thread-gcc-d
collect2: ld returned 1 exit status
configure:25715: $? = 1
configure:25700: re-using the existing conftest.o
configure:25706: g++ -o conftest       -L/usr/lib conftest.o -lboost_thread-gcc-d -lrt -lgmp    >&5
/usr/bin/ld: cannot find -lboost_thread-gcc-d
collect2: ld returned 1 exit status
configure:25715: $? = 1
configure:25700: re-using the existing conftest.o
configure:25706: g++ -o conftest       -L/usr/lib64 conftest.o -lboost_thread-gcc-d -lrt -lgmp    >&5
/usr/bin/ld: cannot find -lboost_thread-gcc-d
collect2: ld returned 1 exit status
configure:25715: $? = 1
configure:25700: re-using the existing conftest.o
configure:25706: g++ -o conftest       -L/usr/libexec conftest.o -lboost_thread-gcc-d -lrt -lgmp    >&5
/usr/bin/ld: cannot find -lboost_thread-gcc-d
collect2: ld returned 1 exit status
configure:25715: $? = 1
configure:25700: re-using the existing conftest.o
configure:25706: g++ -o conftest       -L/lib conftest.o -lboost_thread-gcc-d -lrt -lgmp    >&5
/usr/bin/ld: cannot find -lboost_thread-gcc-d
collect2: ld returned 1 exit status
configure:25715: $? = 1
configure:25700: re-using the existing conftest.o
configure:25706: g++ -o conftest       -L/lib64 conftest.o -lboost_thread-gcc-d -lrt -lgmp    >&5
/usr/bin/ld: cannot find -lboost_thread-gcc-d
collect2: ld returned 1 exit status
configure:25715: $? = 1
configure:25700: re-using the existing conftest.o
configure:25706: g++ -o conftest       -L/usr/local/lib conftest.o -lboost_thread-mt-1_41 -lrt -lgmp    >&5
/usr/bin/ld: cannot find -lboost_thread-mt-1_41
collect2: ld returned 1 exit status
configure:25715: $? = 1
configure:25700: re-using the existing conftest.o
configure:25706: g++ -o conftest       -L/usr/local/lib64 conftest.o -lboost_thread-mt-1_41 -lrt -lgmp    >&5
/usr/bin/ld: cannot find -lboost_thread-mt-1_41
collect2: ld returned 1 exit status
configure:25715: $? = 1
configure:25700: re-using the existing conftest.o
configure:25706: g++ -o conftest       -L/usr/local/libexec conftest.o -lboost_thread-mt-1_41 -lrt -lgmp    >&5
/usr/bin/ld: cannot find -lboost_thread-mt-1_41
collect2: ld returned 1 exit status
configure:25715: $? = 1
configure:25700: re-using the existing conftest.o
configure:25706: g++ -o conftest       -L/usr/lib conftest.o -lboost_thread-mt-1_41 -lrt -lgmp    >&5
/usr/bin/ld: cannot find -lboost_thread-mt-1_41
collect2: ld returned 1 exit status
configure:25715: $? = 1
configure:25700: re-using the existing conftest.o
configure:25706: g++ -o conftest       -L/usr/lib64 conftest.o -lboost_thread-mt-1_41 -lrt -lgmp    >&5
/usr/bin/ld: cannot find -lboost_thread-mt-1_41
collect2: ld returned 1 exit status
configure:25715: $? = 1
configure:25700: re-using the existing conftest.o
configure:25706: g++ -o conftest       -L/usr/libexec conftest.o -lboost_thread-mt-1_41 -lrt -lgmp    >&5
/usr/bin/ld: cannot find -lboost_thread-mt-1_41
collect2: ld returned 1 exit status
configure:25715: $? = 1
configure:25700: re-using the existing conftest.o
configure:25706: g++ -o conftest       -L/lib conftest.o -lboost_thread-mt-1_41 -lrt -lgmp    >&5
/usr/bin/ld: cannot find -lboost_thread-mt-1_41
collect2: ld returned 1 exit status
configure:25715: $? = 1
configure:25700: re-using the existing conftest.o
configure:25706: g++ -o conftest       -L/lib64 conftest.o -lboost_thread-mt-1_41 -lrt -lgmp    >&5
/usr/bin/ld: cannot find -lboost_thread-mt-1_41
collect2: ld returned 1 exit status
configure:25715: $? = 1
configure:25700: re-using the existing conftest.o
configure:25706: g++ -o conftest       -L/usr/local/lib conftest.o -lboost_thread-1_41 -lrt -lgmp    >&5
/usr/bin/ld: cannot find -lboost_thread-1_41
collect2: ld returned 1 exit status
configure:25715: $? = 1
configure:25700: re-using the existing conftest.o
configure:25706: g++ -o conftest       -L/usr/local/lib64 conftest.o -lboost_thread-1_41 -lrt -lgmp    >&5
/usr/bin/ld: cannot find -lboost_thread-1_41
collect2: ld returned 1 exit status
configure:25715: $? = 1
configure:25700: re-using the existing conftest.o
configure:25706: g++ -o conftest       -L/usr/local/libexec conftest.o -lboost_thread-1_41 -lrt -lgmp    >&5
/usr/bin/ld: cannot find -lboost_thread-1_41
collect2: ld returned 1 exit status
configure:25715: $? = 1
configure:25700: re-using the existing conftest.o
configure:25706: g++ -o conftest       -L/usr/lib conftest.o -lboost_thread-1_41 -lrt -lgmp    >&5
/usr/bin/ld: cannot find -lboost_thread-1_41
collect2: ld returned 1 exit status
configure:25715: $? = 1
configure:25700: re-using the existing conftest.o
configure:25706: g++ -o conftest       -L/usr/lib64 conftest.o -lboost_thread-1_41 -lrt -lgmp    >&5
/usr/bin/ld: cannot find -lboost_thread-1_41
collect2: ld returned 1 exit status
configure:25715: $? = 1
configure:25700: re-using the existing conftest.o
configure:25706: g++ -o conftest       -L/usr/libexec conftest.o -lboost_thread-1_41 -lrt -lgmp    >&5
/usr/bin/ld: cannot find -lboost_thread-1_41
collect2: ld returned 1 exit status
configure:25715: $? = 1
configure:25700: re-using the existing conftest.o
configure:25706: g++ -o conftest       -L/lib conftest.o -lboost_thread-1_41 -lrt -lgmp    >&5
/usr/bin/ld: cannot find -lboost_thread-1_41
collect2: ld returned 1 exit status
configure:25715: $? = 1
configure:25700: re-using the existing conftest.o
configure:25706: g++ -o conftest       -L/lib64 conftest.o -lboost_thread-1_41 -lrt -lgmp    >&5
/usr/bin/ld: cannot find -lboost_thread-1_41
collect2: ld returned 1 exit status
configure:25715: $? = 1
configure:25700: re-using the existing conftest.o
configure:25706: g++ -o conftest       -L/usr/local/lib conftest.o -lboost_thread-mt-d-1_41 -lrt -lgmp    >&5
/usr/bin/ld: cannot find -lboost_thread-mt-d-1_41
collect2: ld returned 1 exit status
configure:25715: $? = 1
configure:25700: re-using the existing conftest.o
configure:25706: g++ -o conftest       -L/usr/local/lib64 conftest.o -lboost_thread-mt-d-1_41 -lrt -lgmp    >&5
/usr/bin/ld: cannot find -lboost_thread-mt-d-1_41
collect2: ld returned 1 exit status
configure:25715: $? = 1
configure:25700: re-using the existing conftest.o
configure:25706: g++ -o conftest       -L/usr/local/libexec conftest.o -lboost_thread-mt-d-1_41 -lrt -lgmp    >&5
/usr/bin/ld: cannot find -lboost_thread-mt-d-1_41
collect2: ld returned 1 exit status
configure:25715: $? = 1
configure:25700: re-using the existing conftest.o
configure:25706: g++ -o conftest       -L/usr/lib conftest.o -lboost_thread-mt-d-1_41 -lrt -lgmp    >&5
/usr/bin/ld: cannot find -lboost_thread-mt-d-1_41
collect2: ld returned 1 exit status
configure:25715: $? = 1
configure:25700: re-using the existing conftest.o
configure:25706: g++ -o conftest       -L/usr/lib64 conftest.o -lboost_thread-mt-d-1_41 -lrt -lgmp    >&5
/usr/bin/ld: cannot find -lboost_thread-mt-d-1_41
collect2: ld returned 1 exit status
configure:25715: $? = 1
configure:25700: re-using the existing conftest.o
configure:25706: g++ -o conftest       -L/usr/libexec conftest.o -lboost_thread-mt-d-1_41 -lrt -lgmp    >&5
/usr/bin/ld: cannot find -lboost_thread-mt-d-1_41
collect2: ld returned 1 exit status
configure:25715: $? = 1
configure:25700: re-using the existing conftest.o
configure:25706: g++ -o conftest       -L/lib conftest.o -lboost_thread-mt-d-1_41 -lrt -lgmp    >&5
/usr/bin/ld: cannot find -lboost_thread-mt-d-1_41
collect2: ld returned 1 exit status
configure:25715: $? = 1
configure:25700: re-using the existing conftest.o
configure:25706: g++ -o conftest       -L/lib64 conftest.o -lboost_thread-mt-d-1_41 -lrt -lgmp    >&5
/usr/bin/ld: cannot find -lboost_thread-mt-d-1_41
collect2: ld returned 1 exit status
configure:25715: $? = 1
configure:25700: re-using the existing conftest.o
configure:25706: g++ -o conftest       -L/usr/local/lib conftest.o -lboost_thread-d-1_41 -lrt -lgmp    >&5
/usr/bin/ld: cannot find -lboost_thread-d-1_41
collect2: ld returned 1 exit status
configure:25715: $? = 1
configure:25700: re-using the existing conftest.o
configure:25706: g++ -o conftest       -L/usr/local/lib64 conftest.o -lboost_thread-d-1_41 -lrt -lgmp    >&5
/usr/bin/ld: cannot find -lboost_thread-d-1_41
collect2: ld returned 1 exit status
configure:25715: $? = 1
configure:25700: re-using the existing conftest.o
configure:25706: g++ -o conftest       -L/usr/local/libexec conftest.o -lboost_thread-d-1_41 -lrt -lgmp    >&5
/usr/bin/ld: cannot find -lboost_thread-d-1_41
collect2: ld returned 1 exit status
configure:25715: $? = 1
configure:25700: re-using the existing conftest.o
configure:25706: g++ -o conftest       -L/usr/lib conftest.o -lboost_thread-d-1_41 -lrt -lgmp    >&5
/usr/bin/ld: cannot find -lboost_thread-d-1_41
collect2: ld returned 1 exit status
configure:25715: $? = 1
configure:25700: re-using the existing conftest.o
configure:25706: g++ -o conftest       -L/usr/lib64 conftest.o -lboost_thread-d-1_41 -lrt -lgmp    >&5
/usr/bin/ld: cannot find -lboost_thread-d-1_41
collect2: ld returned 1 exit status
configure:25715: $? = 1
configure:25700: re-using the existing conftest.o
configure:25706: g++ -o conftest       -L/usr/libexec conftest.o -lboost_thread-d-1_41 -lrt -lgmp    >&5
/usr/bin/ld: cannot find -lboost_thread-d-1_41
collect2: ld returned 1 exit status
configure:25715: $? = 1
configure:25700: re-using the existing conftest.o
configure:25706: g++ -o conftest       -L/lib conftest.o -lboost_thread-d-1_41 -lrt -lgmp    >&5
/usr/bin/ld: cannot find -lboost_thread-d-1_41
collect2: ld returned 1 exit status
configure:25715: $? = 1
configure:25700: re-using the existing conftest.o
configure:25706: g++ -o conftest       -L/lib64 conftest.o -lboost_thread-d-1_41 -lrt -lgmp    >&5
/usr/bin/ld: cannot find -lboost_thread-d-1_41
collect2: ld returned 1 exit status
configure:25715: $? = 1
configure:25700: re-using the existing conftest.o
configure:25706: g++ -o conftest       -L/usr/local/lib conftest.o -lboost_thread-mt -lrt -lgmp    >&5
configure:25715: $? = 0
configure:25755: result: yes
configure:25896: checking whether user requested readline support
configure:25906: result: no, using BSD-compatible dependences only
configure:26725: checking whether to build compatibility library (CVC3 API layer)
configure:26728: result: yes
configure:26745: checking whether to use compiler-supported TLS if available
configure:26762: result: yes
configure:26765: checking for thread local storage (TLS) class
configure:26793: gcc -c   conftest.c >&5
configure:26793: $? = 0
configure:26805: result: __thread
configure:26848: checking whether to link in google perftools libraries
configure:26948: result: no (user didn't request it)
configure:26963: checking for java
configure:26979: found /usr/java/latest/bin/java
configure:26990: result: java
configure:27046: checking for javac
configure:27062: found /usr/bin/javac
configure:27073: result: javac
configure:27130: checking for javah
configure:27146: found /usr/java/latest/bin/javah
configure:27157: result: javah
configure:27213: checking for jar
configure:27229: found /usr/bin/jar
configure:27240: result: jar
configure:27984: creating ./config.status

## ---------------------- ##
## Running config.status. ##
## ---------------------- ##

This file was extended by cvc4 config.status 1.4, which was
generated by GNU Autoconf 2.68.  Invocation command line was

  CONFIG_FILES    = 
  CONFIG_HEADERS  = 
  CONFIG_LINKS    = 
  CONFIG_COMMANDS = 
  $ ./config.status 

on nilgiri.cfdvs.iitb.ac.in

config.status:1465: creating Makefile.builds
config.status:1465: creating Makefile
config.status:1465: creating proofs/signatures/Makefile
config.status:1465: creating contrib/Makefile
config.status:1465: creating examples/Makefile
config.status:1465: creating examples/api/Makefile
config.status:1465: creating examples/api/java/Makefile
config.status:1465: creating examples/hashsmt/Makefile
config.status:1465: creating examples/nra-translate/Makefile
config.status:1465: creating examples/sets-translate/Makefile
config.status:1465: creating src/Makefile
config.status:1465: creating src/bindings/Makefile
config.status:1465: creating src/bindings/compat/Makefile
config.status:1465: creating src/bindings/compat/c/Makefile
config.status:1465: creating src/bindings/compat/java/Makefile
config.status:1465: creating src/compat/Makefile
config.status:1465: creating src/expr/Makefile
config.status:1465: creating src/lib/Makefile
config.status:1465: creating src/main/Makefile
config.status:1465: creating src/options/Makefile
config.status:1465: creating src/parser/Makefile
config.status:1465: creating src/parser/cvc/Makefile
config.status:1465: creating src/parser/smt1/Makefile
config.status:1465: creating src/parser/smt2/Makefile
config.status:1465: creating src/parser/tptp/Makefile
config.status:1465: creating src/prop/bvminisat/Makefile
config.status:1465: creating src/prop/minisat/Makefile
config.status:1465: creating src/util/Makefile
config.status:1465: creating test/Makefile
config.status:1465: creating test/regress/Makefile
config.status:1465: creating test/regress/regress0/Makefile
config.status:1465: creating test/regress/regress0/arith/Makefile
config.status:1465: creating test/regress/regress0/arith/integers/Makefile
config.status:1465: creating test/regress/regress0/arrays/Makefile
config.status:1465: creating test/regress/regress0/aufbv/Makefile
config.status:1465: creating test/regress/regress0/auflia/Makefile
config.status:1465: creating test/regress/regress0/bv/Makefile
config.status:1465: creating test/regress/regress0/bv/core/Makefile
config.status:1465: creating test/regress/regress0/datatypes/Makefile
config.status:1465: creating test/regress/regress0/decision/Makefile
config.status:1465: creating test/regress/regress0/fmf/Makefile
config.status:1465: creating test/regress/regress0/lemmas/Makefile
config.status:1465: creating test/regress/regress0/parser/Makefile
config.status:1465: creating test/regress/regress0/precedence/Makefile
config.status:1465: creating test/regress/regress0/preprocess/Makefile
config.status:1465: creating test/regress/regress0/push-pop/Makefile
config.status:1465: creating test/regress/regress0/push-pop/arith/Makefile
config.status:1465: creating test/regress/regress0/push-pop/boolean/Makefile
config.status:1465: creating test/regress/regress0/quantifiers/Makefile
config.status:1465: creating test/regress/regress0/rewriterules/Makefile
config.status:1465: creating test/regress/regress0/sets/Makefile
config.status:1465: creating test/regress/regress0/strings/Makefile
config.status:1465: creating test/regress/regress0/tptp/Makefile
config.status:1465: creating test/regress/regress0/uf/Makefile
config.status:1465: creating test/regress/regress0/uflia/Makefile
config.status:1465: creating test/regress/regress0/uflra/Makefile
config.status:1465: creating test/regress/regress0/unconstrained/Makefile
config.status:1465: creating test/regress/regress1/Makefile
config.status:1465: creating test/regress/regress1/arith/Makefile
config.status:1465: creating test/regress/regress2/Makefile
config.status:1465: creating test/regress/regress3/Makefile
config.status:1465: creating test/system/Makefile
config.status:1465: creating test/unit/Makefile
config.status:1465: creating src/util/rational.h.tmp
config.status:1465: creating src/util/integer.h.tmp
config.status:1465: creating src/util/tls.h.tmp
config.status:1465: creating doc/cvc4.1_template.tmp
config.status:1465: creating doc/cvc4.5.tmp
config.status:1465: creating doc/libcvc4.3_template.tmp
config.status:1465: creating doc/SmtEngine.3cvc_template.tmp
config.status:1465: creating doc/options.3cvc_template.tmp
config.status:1465: creating doc/libcvc4parser.3.tmp
config.status:1465: creating doc/libcvc4compat.3.tmp
config.status:1465: creating cvc4autoconfig.h
config.status:1679: executing depfiles commands
config.status:1679: executing libtool commands
configure:30695: === configuring in proofs/lfsc_checker (/home/rakeshmistry/Documents/approxMC/cvc4-mc/cvc4-1.4/build/proofs/lfsc_checker)
configure:30758: running /bin/sh ../../../proofs/lfsc_checker/configure --disable-option-checking '--prefix=/usr/local'  '--with-antlr-dir=/home/rakeshmistry/Documents/approxMC/cvc4-mc/cvc4-1.4/antlr-3.4' 'ANTLR=/home/rakeshmistry/Documents/approxMC/cvc4-mc/cvc4-1.4/antlr-3.4/bin/antlr3' --cache-file=/dev/null --srcdir=../../../proofs/lfsc_checker

## ---------------- ##
## Cache variables. ##
## ---------------- ##

ac_cv_build=x86_64-unknown-linux-gnu
ac_cv_c_compiler_gnu=yes
ac_cv_cxx_compiler_gnu=yes
ac_cv_env_ABC_HOME_set=
ac_cv_env_ABC_HOME_value=
ac_cv_env_ANTLR_HOME_set=
ac_cv_env_ANTLR_HOME_value=
ac_cv_env_ANTLR_set=set
ac_cv_env_ANTLR_value=/home/rakeshmistry/Documents/approxMC/cvc4-mc/cvc4-1.4/antlr-3.4/bin/antlr3
ac_cv_env_BOOST_ROOT_set=
ac_cv_env_BOOST_ROOT_value=
ac_cv_env_CAMLP4O_set=
ac_cv_env_CAMLP4O_value=
ac_cv_env_CCC_set=
ac_cv_env_CCC_value=
ac_cv_env_CC_set=
ac_cv_env_CC_value=
ac_cv_env_CFLAGS_set=
ac_cv_env_CFLAGS_value=
ac_cv_env_CLN_CFLAGS_set=
ac_cv_env_CLN_CFLAGS_value=
ac_cv_env_CLN_LIBS_set=
ac_cv_env_CLN_LIBS_value=
ac_cv_env_CPPFLAGS_set=
ac_cv_env_CPPFLAGS_value=
ac_cv_env_CPP_set=
ac_cv_env_CPP_value=
ac_cv_env_CSHARP_CPPFLAGS_set=
ac_cv_env_CSHARP_CPPFLAGS_value=
ac_cv_env_CXXCPP_set=
ac_cv_env_CXXCPP_value=
ac_cv_env_CXXFLAGS_set=
ac_cv_env_CXXFLAGS_value=
ac_cv_env_CXXTEST_set=
ac_cv_env_CXXTEST_value=
ac_cv_env_CXX_set=
ac_cv_env_CXX_value=
ac_cv_env_DOXYGEN_PAPER_SIZE_set=
ac_cv_env_DOXYGEN_PAPER_SIZE_value=
ac_cv_env_GLPK_HOME_set=
ac_cv_env_GLPK_HOME_value=
ac_cv_env_JAR_set=
ac_cv_env_JAR_value=
ac_cv_env_JAVAC_set=
ac_cv_env_JAVAC_value=
ac_cv_env_JAVAH_set=
ac_cv_env_JAVAH_value=
ac_cv_env_JAVA_CPPFLAGS_set=
ac_cv_env_JAVA_CPPFLAGS_value=
ac_cv_env_JAVA_set=
ac_cv_env_JAVA_value=
ac_cv_env_LDFLAGS_set=
ac_cv_env_LDFLAGS_value=
ac_cv_env_LIBS_set=
ac_cv_env_LIBS_value=
ac_cv_env_OCAMLC_set=
ac_cv_env_OCAMLC_value=
ac_cv_env_OCAMLFIND_set=
ac_cv_env_OCAMLFIND_value=
ac_cv_env_OCAMLMKTOP_set=
ac_cv_env_OCAMLMKTOP_value=
ac_cv_env_PERL_CPPFLAGS_set=
ac_cv_env_PERL_CPPFLAGS_value=
ac_cv_env_PERL_set=
ac_cv_env_PERL_value=
ac_cv_env_PHP_CPPFLAGS_set=
ac_cv_env_PHP_CPPFLAGS_value=
ac_cv_env_PKG_CONFIG_set=
ac_cv_env_PKG_CONFIG_value=
ac_cv_env_PYTHON_CONFIG_set=
ac_cv_env_PYTHON_CONFIG_value=
ac_cv_env_PYTHON_INCLUDE_set=
ac_cv_env_PYTHON_INCLUDE_value=
ac_cv_env_PYTHON_set=
ac_cv_env_PYTHON_value=
ac_cv_env_RUBY_CPPFLAGS_set=
ac_cv_env_RUBY_CPPFLAGS_value=
ac_cv_env_SWIG_set=
ac_cv_env_SWIG_value=
ac_cv_env_TCL_CPPFLAGS_set=
ac_cv_env_TCL_CPPFLAGS_value=
ac_cv_env_TEST_CPPFLAGS_set=
ac_cv_env_TEST_CPPFLAGS_value=
ac_cv_env_TEST_CXXFLAGS_set=
ac_cv_env_TEST_CXXFLAGS_value=
ac_cv_env_TEST_LDFLAGS_set=
ac_cv_env_TEST_LDFLAGS_value=
ac_cv_env_build_alias_set=
ac_cv_env_build_alias_value=
ac_cv_env_host_alias_set=
ac_cv_env_host_alias_value=
ac_cv_env_target_alias_set=
ac_cv_env_target_alias_value=
ac_cv_func_ffs=yes
ac_cv_func_strerror_r=yes
ac_cv_func_strerror_r_char_p=yes
ac_cv_func_strtok_r=yes
ac_cv_have_decl_optreset=no
ac_cv_have_decl_strerror_r=yes
ac_cv_header_boost_thread_hpp=yes
ac_cv_header_dlfcn_h=yes
ac_cv_header_ext_stdio_filebuf_h=yes
ac_cv_header_getopt_h=yes
ac_cv_header_gmpxx_h=yes
ac_cv_header_inttypes_h=yes
ac_cv_header_memory_h=yes
ac_cv_header_stdc=yes
ac_cv_header_stdint_h=yes
ac_cv_header_stdlib_h=yes
ac_cv_header_string_h=yes
ac_cv_header_strings_h=yes
ac_cv_header_sys_stat_h=yes
ac_cv_header_sys_types_h=yes
ac_cv_header_unistd_h=yes
ac_cv_host=x86_64-unknown-linux-gnu
ac_cv_lib_gmp___gmpz_init=yes
ac_cv_objext=o
ac_cv_path_EGREP='/bin/grep -E'
ac_cv_path_FGREP='/bin/grep -F'
ac_cv_path_GREP=/bin/grep
ac_cv_path_SED=/bin/sed
ac_cv_path_ac_pt_DX_PERL=/usr/bin/perl
ac_cv_path_install='/usr/bin/install -c'
ac_cv_path_mkdir=/bin/mkdir
ac_cv_prog_AWK=gawk
ac_cv_prog_CPP='gcc -E'
ac_cv_prog_CXXCPP='g++ -E'
ac_cv_prog_JAR=jar
ac_cv_prog_JAVA=java
ac_cv_prog_JAVAC=javac
ac_cv_prog_JAVAH=javah
ac_cv_prog_PYTHON=python
ac_cv_prog_SWIG=swig
ac_cv_prog_ac_ct_AR=ar
ac_cv_prog_ac_ct_CC=gcc
ac_cv_prog_ac_ct_CXX=g++
ac_cv_prog_ac_ct_OBJDUMP=objdump
ac_cv_prog_ac_ct_RANLIB=ranlib
ac_cv_prog_ac_ct_STRIP=strip
ac_cv_prog_cc_c89=
ac_cv_prog_cc_g=yes
ac_cv_prog_cxx_g=yes
ac_cv_prog_make_make_set=yes
ac_cv_search_clock_gettime=-lrt
ac_cv_target=x86_64-unknown-linux-gnu
ac_cv_tls=__thread
am_cv_CC_dependencies_compiler_type=gcc3
am_cv_CXX_dependencies_compiler_type=gcc3
am_cv_make_support_nested_variables=yes
am_cv_prog_tar_pax=gnutar
boost_cv_inc_path=yes
boost_cv_lib_tag='gcc44 -gcc'
boost_cv_lib_thread=yes
boost_cv_lib_thread_LDFLAGS='-L/usr/local/lib -Wl,-rpath -Wl,/usr/local/lib'
boost_cv_lib_thread_LDPATH=/usr/local/lib
boost_cv_lib_thread_LIBS=-lboost_thread-mt
boost_cv_lib_version=1_41
boost_cv_pthread_flag=
lt_cv_ar_at_file=@
lt_cv_archive_cmds_need_lc=no
lt_cv_deplibs_check_method=pass_all
lt_cv_file_magic_cmd='$MAGIC_CMD'
lt_cv_file_magic_test_file=
lt_cv_ld_reload_flag=-r
lt_cv_nm_interface='BSD nm'
lt_cv_objdir=.libs
lt_cv_path_LD=/usr/bin/ld
lt_cv_path_LDCXX='/usr/bin/ld -m elf_x86_64'
lt_cv_path_NM='/usr/bin/nm -B'
lt_cv_path_mainfest_tool=no
lt_cv_prog_compiler_c_o=yes
lt_cv_prog_compiler_c_o_CXX=yes
lt_cv_prog_compiler_pic='-fPIC -DPIC'
lt_cv_prog_compiler_pic_CXX='-fPIC -DPIC'
lt_cv_prog_compiler_pic_works=yes
lt_cv_prog_compiler_pic_works_CXX=yes
lt_cv_prog_compiler_rtti_exceptions=no
lt_cv_prog_compiler_static_works=yes
lt_cv_prog_compiler_static_works_CXX=yes
lt_cv_prog_gnu_ld=yes
lt_cv_prog_gnu_ldcxx=yes
lt_cv_sharedlib_from_linklib_cmd='printf %s\n'
lt_cv_shlibpath_overrides_runpath=no
lt_cv_sys_global_symbol_pipe='sed -n -e '\''s/^.*[	 ]\([ABCDGIRSTW][ABCDGIRSTW]*\)[	 ][	 ]*\([_A-Za-z][_A-Za-z0-9]*\)$/\1 \2 \2/p'\'' | sed '\''/ __gnu_lto/d'\'''
lt_cv_sys_global_symbol_to_c_name_address='sed -n -e '\''s/^: \([^ ]*\)[ ]*$/  {\"\1\", (void *) 0},/p'\'' -e '\''s/^[ABCDGIRSTW]* \([^ ]*\) \([^ ]*\)$/  {"\2", (void *) \&\2},/p'\'''
lt_cv_sys_global_symbol_to_c_name_address_lib_prefix='sed -n -e '\''s/^: \([^ ]*\)[ ]*$/  {\"\1\", (void *) 0},/p'\'' -e '\''s/^[ABCDGIRSTW]* \([^ ]*\) \(lib[^ ]*\)$/  {"\2", (void *) \&\2},/p'\'' -e '\''s/^[ABCDGIRSTW]* \([^ ]*\) \([^ ]*\)$/  {"lib\2", (void *) \&\2},/p'\'''
lt_cv_sys_global_symbol_to_cdecl='sed -n -e '\''s/^T .* \(.*\)$/extern int \1();/p'\'' -e '\''s/^[ABCDGIRSTW]* .* \(.*\)$/extern char \1;/p'\'''
lt_cv_sys_max_cmd_len=1966080
lt_cv_to_host_file_cmd=func_convert_file_noop
lt_cv_to_tool_file_cmd=func_convert_file_noop

## ----------------- ##
## Output variables. ##
## ----------------- ##

ABC_HOME=''
ABC_LDFLAGS=''
ABC_LIBS=''
ACLOCAL='${SHELL} /home/rakeshmistry/Documents/approxMC/cvc4-mc/cvc4-1.4/config/missing --run aclocal-1.11'
AMDEPBACKSLASH='\'
AMDEP_FALSE='#'
AMDEP_TRUE=''
AMTAR='$${TAR-tar}'
AM_BACKSLASH='\'
AM_DEFAULT_V='$(AM_DEFAULT_VERBOSITY)'
AM_DEFAULT_VERBOSITY='0'
AM_V='$(V)'
ANTLR='/home/rakeshmistry/Documents/approxMC/cvc4-mc/cvc4-1.4/antlr-3.4/bin/antlr3'
ANTLR_HOME=''
ANTLR_INCLUDES='-I/home/rakeshmistry/Documents/approxMC/cvc4-mc/cvc4-1.4/antlr-3.4/include'
ANTLR_LDFLAGS='-L/home/rakeshmistry/Documents/approxMC/cvc4-mc/cvc4-1.4/antlr-3.4/lib -lantlr3c'
AR='ar'
AUTOCONF='${SHELL} /home/rakeshmistry/Documents/approxMC/cvc4-mc/cvc4-1.4/config/missing --run autoconf'
AUTOHEADER='${SHELL} /home/rakeshmistry/Documents/approxMC/cvc4-mc/cvc4-1.4/config/missing --run autoheader'
AUTOMAKE='${SHELL} /home/rakeshmistry/Documents/approxMC/cvc4-mc/cvc4-1.4/config/missing --run automake-1.11'
AUTOMAKE_1_11_FALSE='#'
AUTOMAKE_1_11_TRUE=''
AWK='gawk'
BOOST_CPPFLAGS=' '
BOOST_LDPATH='/usr/local/lib'
BOOST_ROOT=''
BOOST_SYSTEM_LDFLAGS=''
BOOST_SYSTEM_LDPATH=''
BOOST_SYSTEM_LIBS=''
BOOST_THREAD_LDFLAGS=''
BOOST_THREAD_LDPATH='/usr/local/lib'
BOOST_THREAD_LIBS='-lboost_thread-mt  '
BOOST_THREAD_WIN32_LDFLAGS=''
BOOST_THREAD_WIN32_LDPATH=''
BOOST_THREAD_WIN32_LIBS=''
BUILDING_SHARED='1'
BUILDING_STATIC='0'
CAMLP4O=''
CC='gcc'
CCDEPMODE='depmode=gcc3'
CFLAGS='-O3 -ggdb3 -Wno-deprecated -fexceptions'
CLN_CFLAGS=''
CLN_LIBS=''
COVERAGE_ENABLED_FALSE=''
COVERAGE_ENABLED_TRUE='#'
CPP='gcc -E'
CPPFLAGS='  -DCVC4_STATISTICS_ON -DNDEBUG -DCVC4_DUMPING'
CSHARP_CPPFLAGS=''
CVC4_BINDINGS_LIBRARY_VERSION='3:0:0'
CVC4_BUILD_LIBCOMPAT='yes'
CVC4_BUILD_LIBCOMPAT_FALSE='#'
CVC4_BUILD_LIBCOMPAT_TRUE=''
CVC4_BUILD_PCVC4_FALSE=''
CVC4_BUILD_PCVC4_TRUE='#'
CVC4_BUILD_PROFILE_COMPETITION_FALSE=''
CVC4_BUILD_PROFILE_COMPETITION_TRUE='#'
CVC4_BUILD_PROFILE_DEBUG_FALSE=''
CVC4_BUILD_PROFILE_DEBUG_TRUE='#'
CVC4_BUILD_PROFILE_DEFAULT_FALSE=''
CVC4_BUILD_PROFILE_DEFAULT_TRUE='#'
CVC4_BUILD_PROFILE_PRODUCTION_FALSE='#'
CVC4_BUILD_PROFILE_PRODUCTION_TRUE=''
CVC4_CLN_IMP_FALSE=''
CVC4_CLN_IMP_TRUE='#'
CVC4_COMPAT_LIBRARY_VERSION='3:0:0'
CVC4_DEBUG_FALSE=''
CVC4_DEBUG_TRUE='#'
CVC4_FALSE_FALSE=''
CVC4_FALSE_TRUE='#'
CVC4_GMP_IMP_FALSE='#'
CVC4_GMP_IMP_TRUE=''
CVC4_HAS_SWIG_FALSE=''
CVC4_HAS_SWIG_TRUE='#'
CVC4_HAS_THREADS='1'
CVC4_HAS_THREADS_FALSE='#'
CVC4_HAS_THREADS_TRUE=''
CVC4_JAVA_MODULE_EXT='.so'
CVC4_LANGUAGE_BINDINGS=''
CVC4_LANGUAGE_BINDING_CSHARP_FALSE=''
CVC4_LANGUAGE_BINDING_CSHARP_TRUE='#'
CVC4_LANGUAGE_BINDING_C_FALSE=''
CVC4_LANGUAGE_BINDING_C_TRUE='#'
CVC4_LANGUAGE_BINDING_JAVA_FALSE=''
CVC4_LANGUAGE_BINDING_JAVA_TRUE='#'
CVC4_LANGUAGE_BINDING_OCAML_FALSE=''
CVC4_LANGUAGE_BINDING_OCAML_TRUE='#'
CVC4_LANGUAGE_BINDING_PERL_FALSE=''
CVC4_LANGUAGE_BINDING_PERL_TRUE='#'
CVC4_LANGUAGE_BINDING_PHP_FALSE=''
CVC4_LANGUAGE_BINDING_PHP_TRUE='#'
CVC4_LANGUAGE_BINDING_PYTHON_FALSE=''
CVC4_LANGUAGE_BINDING_PYTHON_TRUE='#'
CVC4_LANGUAGE_BINDING_RUBY_FALSE=''
CVC4_LANGUAGE_BINDING_RUBY_TRUE='#'
CVC4_LANGUAGE_BINDING_TCL_FALSE=''
CVC4_LANGUAGE_BINDING_TCL_TRUE='#'
CVC4_LIBRARY_VERSION='3:0:0'
CVC4_NEEDS_REPLACEMENT_FUNCTIONS_FALSE=''
CVC4_NEEDS_REPLACEMENT_FUNCTIONS_TRUE='#'
CVC4_NEED_INT64_T_OVERLOADS='0'
CVC4_PARSER_LIBRARY_VERSION='3:0:0'
CVC4_PROOF_FALSE=''
CVC4_PROOF_TRUE='#'
CVC4_TLS='__thread'
CVC4_TLS_SUPPORTED='1'
CVC4_TRACING_FALSE=''
CVC4_TRACING_TRUE='#'
CVC4_USE_ABC_FALSE=''
CVC4_USE_ABC_TRUE='#'
CVC4_USE_CLN_IMP='0'
CVC4_USE_GLPK_FALSE=''
CVC4_USE_GLPK_TRUE='#'
CVC4_USE_GMP_IMP='1'
CXX='g++'
CXXCPP='g++ -E'
CXXDEPMODE='depmode=gcc3'
CXXFLAGS='-O3 -ggdb3 -Wno-deprecated'
CXXTEST=''
CXXTESTGEN=''
CYGPATH_W='echo'
DEFS='-DHAVE_CONFIG_H'
DEPDIR='.deps'
DISTCHECK_CONFIGURE_FLAGS=' '\''--with-boost='\'''
DLLTOOL='false'
DOXYGEN_EXTRACT_PRIVATE='NO'
DOXYGEN_EXTRACT_STATIC='NO'
DOXYGEN_PAPER_SIZE=''
DSYMUTIL=''
DUMPBIN=''
DX_COND_chi_FALSE=''
DX_COND_chi_TRUE='#'
DX_COND_chm_FALSE=''
DX_COND_chm_TRUE='#'
DX_COND_doc_FALSE=''
DX_COND_doc_TRUE='#'
DX_COND_dot_FALSE=''
DX_COND_dot_TRUE='#'
DX_COND_html_FALSE=''
DX_COND_html_TRUE='#'
DX_COND_latex_FALSE=''
DX_COND_latex_TRUE='#'
DX_COND_man_FALSE=''
DX_COND_man_TRUE='#'
DX_COND_pdf_FALSE=''
DX_COND_pdf_TRUE='#'
DX_COND_ps_FALSE=''
DX_COND_ps_TRUE='#'
DX_COND_rtf_FALSE=''
DX_COND_rtf_TRUE='#'
DX_COND_xml_FALSE=''
DX_COND_xml_TRUE='#'
DX_CONFIG='config/doxygen.cfg'
DX_DOCDIR='../doc/doxygen'
DX_DOT=''
DX_DOXYGEN=''
DX_DVIPS=''
DX_EGREP=''
DX_ENV=' SRCDIR='\''..'\'' PROJECT='\''cvc4'\'' DOCDIR='\''../doc/doxygen'\'' VERSION='\''1.4'\'' HAVE_DOT='\''NO'\'' GENERATE_MAN='\''NO'\'' GENERATE_RTF='\''NO'\'' GENERATE_XML='\''NO'\'' GENERATE_HTMLHELP='\''NO'\'' GENERATE_CHI='\''NO'\'' GENERATE_HTML='\''NO'\'' GENERATE_LATEX='\''NO'\'''
DX_FLAG_DX_CURRENT_FEATURE=''
DX_FLAG_chi='0'
DX_FLAG_chm='0'
DX_FLAG_doc='0'
DX_FLAG_dot='0'
DX_FLAG_html='0'
DX_FLAG_man='0'
DX_FLAG_pdf='0'
DX_FLAG_ps='0'
DX_FLAG_rtf='0'
DX_FLAG_xml='0'
DX_HHC=''
DX_LATEX=''
DX_MAKEINDEX=''
DX_PDFLATEX=''
DX_PERL='/usr/bin/perl'
DX_PROJECT='cvc4'
ECHO_C=''
ECHO_N='-n'
ECHO_T=''
EGREP='/bin/grep -E'
EXEEXT=''
FGREP='/bin/grep -F'
FLAG_VISIBILITY_HIDDEN='-fvisibility=hidden'
FNO_STRICT_ALIASING='-fno-strict-aliasing'
GLPK_HOME=''
GLPK_LDFLAGS=''
GLPK_LIBS=''
GREP='/bin/grep'
HAVE_CXXTESTGEN_FALSE=''
HAVE_CXXTESTGEN_TRUE='#'
INSTALL_DATA='${INSTALL} -m 644'
INSTALL_PROGRAM='${INSTALL}'
INSTALL_SCRIPT='${INSTALL}'
INSTALL_STRIP_PROGRAM='$(install_sh) -c -s'
JAR='jar'
JAVA='java'
JAVAC='javac'
JAVAH='javah'
JAVA_CPPFLAGS=''
LD='/usr/bin/ld -m elf_x86_64'
LDFLAGS=''
LIBOBJS=''
LIBS='-lrt -lgmp '
LIBTOOL='$(SHELL) $(top_builddir)/libtool'
LIPO=''
LN_S='ln -s'
LTLIBOBJS=''
MAINT=''
MAINTAINER_MODE_FALSE='#'
MAINTAINER_MODE_TRUE=''
MAKEINFO='${SHELL} /home/rakeshmistry/Documents/approxMC/cvc4-mc/cvc4-1.4/config/missing --run makeinfo'
MANIFEST_TOOL=':'
MAN_DATE='July 2015'
MKDIR_P='/bin/mkdir -p'
NM='/usr/bin/nm -B'
NMEDIT=''
OBJDUMP='objdump'
OBJEXT='o'
OCAMLC=''
OCAMLFIND=''
OCAMLMKTOP=''
OTOOL64=''
OTOOL=''
PACKAGE='cvc4'
PACKAGE_BUGREPORT='cvc-bugs@cs.nyu.edu'
PACKAGE_NAME='cvc4'
PACKAGE_STRING='cvc4 1.4'
PACKAGE_TARNAME='cvc4'
PACKAGE_URL=''
PACKAGE_VERSION='1.4'
PATH_SEPARATOR=':'
PERL=''
PERL_CPPFLAGS=''
PHP_CPPFLAGS=''
PKG_CONFIG=''
PYTHON='python'
PYTHON_CONFIG=''
PYTHON_CXXFLAGS=''
PYTHON_EXEC_PREFIX=''
PYTHON_INCLUDE=''
PYTHON_PLATFORM=''
PYTHON_PREFIX=''
PYTHON_VERSION=''
RANLIB='ranlib'
READLINE_LIBS=''
RUBY_CPPFLAGS=''
RUN_REGRESSION_ARGS=''
SED='/bin/sed'
SET_MAKE=''
SHELL='/bin/sh'
STATIC_BINARY='0'
STATIC_BINARY_FALSE=''
STATIC_BINARY_TRUE='#'
STRIP='strip'
SWIG=''
TCL_CPPFLAGS=''
TESTS_ENVIRONMENT=''
TEST_CPPFLAGS=''
TEST_CXXFLAGS=''
TEST_LDFLAGS=''
VERSION='1.4'
WERROR='-Werror'
WHITE_AND_BLACK_TESTS_FALSE=''
WHITE_AND_BLACK_TESTS_TRUE='#'
WNO_CONVERSION_NULL='-Wno-conversion-null'
WNO_PARENTHESES='-Wno-parentheses'
WNO_TAUTOLOGICAL_COMPARE='-Wno-tautological-compare'
WNO_UNINITIALIZED='-Wno-uninitialized'
WNO_UNUSED_VARIABLE='-Wno-unused-variable'
ac_ct_AR='ar'
ac_ct_CC='gcc'
ac_ct_CXX='g++'
ac_ct_DUMPBIN=''
am__EXEEXT_FALSE=''
am__EXEEXT_TRUE='#'
am__fastdepCC_FALSE='#'
am__fastdepCC_TRUE=''
am__fastdepCXX_FALSE='#'
am__fastdepCXX_TRUE=''
am__include='include'
am__isrc=' -I$(srcdir)'
am__leading_dot='.'
am__nodep='_no'
am__quote=''
am__tar='tar --format=posix -chf - "$$tardir"'
am__untar='tar -xf -'
bindir='${exec_prefix}/bin'
build='x86_64-unknown-linux-gnu'
build_alias=''
build_cpu='x86_64'
build_os='linux-gnu'
build_vendor='unknown'
cvc4_LDFLAGS=''
cvc4_config_cmdline='--with-antlr-dir=/home/rakeshmistry/Documents/approxMC/cvc4-mc/cvc4-1.4/antlr-3.4 ANTLR=/home/rakeshmistry/Documents/approxMC/cvc4-mc/cvc4-1.4/antlr-3.4/bin/antlr3'
datadir='${datarootdir}'
datarootdir='${prefix}/share'
docdir='${datarootdir}/doc/${PACKAGE_TARNAME}'
dvidir='${docdir}'
exec_prefix='${prefix}'
host='x86_64-unknown-linux-gnu'
host_alias=''
host_cpu='x86_64'
host_os='linux-gnu'
host_vendor='unknown'
htmldir='${docdir}'
includedir='${prefix}/include'
infodir='${datarootdir}/info'
install_sh='${SHELL} /home/rakeshmistry/Documents/approxMC/cvc4-mc/cvc4-1.4/config/install-sh'
libdir='${exec_prefix}/lib'
libexecdir='${exec_prefix}/libexec'
localedir='${datarootdir}/locale'
localstatedir='${prefix}/var'
mandir='${datarootdir}/man'
mk_empty=''
mk_if='if'
mk_include='include'
mkdir_p='/bin/mkdir -p'
oldincludedir='/usr/include'
pcvc4_LDFLAGS=''
pdfdir='${docdir}'
pkgpyexecdir=''
pkgpythondir=''
prefix='/usr/local'
program_transform_name='s,x,x,'
psdir='${docdir}'
pyexecdir=''
pythondir=''
sbindir='${exec_prefix}/sbin'
sharedstatedir='${prefix}/com'
subdirs=' proofs/lfsc_checker'
sysconfdir='${prefix}/etc'
target='x86_64-unknown-linux-gnu'
target_alias=''
target_cpu='x86_64'
target_os='linux-gnu'
target_vendor='unknown'
zz_cvc4_use_personal_make_rules=''

## ----------- ##
## confdefs.h. ##
## ----------- ##

/* confdefs.h */
#define PACKAGE_NAME "cvc4"
#define PACKAGE_TARNAME "cvc4"
#define PACKAGE_VERSION "1.4"
#define PACKAGE_STRING "cvc4 1.4"
#define PACKAGE_BUGREPORT "cvc-bugs@cs.nyu.edu"
#define PACKAGE_URL ""
#define STDC_HEADERS 1
#define HAVE_SYS_TYPES_H 1
#define HAVE_SYS_STAT_H 1
#define HAVE_STDLIB_H 1
#define HAVE_STRING_H 1
#define HAVE_MEMORY_H 1
#define HAVE_STRINGS_H 1
#define HAVE_INTTYPES_H 1
#define HAVE_STDINT_H 1
#define HAVE_UNISTD_H 1
#define HAVE_DLFCN_H 1
#define LT_OBJDIR ".libs/"
#define HAVE_LIBGMP 1
#define CVC4_GMP_IMP /**/
#define HAVE_CLOCK_GETTIME 1
#define HAVE_STRTOK_R 1
#define HAVE_FFS 1
#define HAVE_GETOPT_H 1
#define HAVE_UNISTD_H 1
#define HAVE_EXT_STDIO_FILEBUF_H 1
#define HAVE_DECL_OPTRESET 0
#define HAVE_DECL_STRERROR_R 1
#define HAVE_STRERROR_R 1
#define STRERROR_R_CHAR_P 1
#define IS_SORTED_IN_GNUCXX_NAMESPACE 1
#define HAVE_BOOST 1
#define HAVE_BOOST_THREAD_HPP 1
#define BOOST_HAS_THREAD_ATTR 0
#define HAVE_LIBREADLINE 0
#define READLINE_COMPENTRY_FUNC_RETURNS_CHARP 0
#define TLS __thread
#define CVC4_MAJOR 1
#define CVC4_MINOR 4
#define CVC4_RELEASE 0
#define CVC4_EXTRAVERSION ""
#define CVC4_RELEASE_STRING "1.4"
#define CVC4_GPL_DEPS 0

configure: exit 0
